[2026-03-10T15:17:10.993+0000] {taskinstance.py:1956} INFO - Dependencies all met for dep_context=non-requeueable deps ti=<TaskInstance: stock_market_pipeline.fetch_stock_data manual__2026-03-10T15:17:09.017721+00:00 [queued]>
[2026-03-10T15:17:11.010+0000] {taskinstance.py:1956} INFO - Dependencies all met for dep_context=requeueable deps ti=<TaskInstance: stock_market_pipeline.fetch_stock_data manual__2026-03-10T15:17:09.017721+00:00 [queued]>
[2026-03-10T15:17:11.012+0000] {taskinstance.py:2170} INFO - Starting attempt 1 of 2
[2026-03-10T15:17:11.037+0000] {taskinstance.py:2191} INFO - Executing <Task(PythonOperator): fetch_stock_data> on 2026-03-10 15:17:09.017721+00:00
[2026-03-10T15:17:11.047+0000] {standard_task_runner.py:60} INFO - Started process 238 to run task
[2026-03-10T15:17:11.056+0000] {standard_task_runner.py:87} INFO - Running: ['***', 'tasks', 'run', 'stock_market_pipeline', 'fetch_stock_data', 'manual__2026-03-10T15:17:09.017721+00:00', '--job-id', '26', '--raw', '--subdir', 'DAGS_FOLDER/stock_pipeline_dag.py', '--cfg-path', '/tmp/tmpr7tnp0r0']
[2026-03-10T15:17:11.061+0000] {standard_task_runner.py:88} INFO - Job 26: Subtask fetch_stock_data
[2026-03-10T15:17:11.179+0000] {task_command.py:423} INFO - Running <TaskInstance: stock_market_pipeline.fetch_stock_data manual__2026-03-10T15:17:09.017721+00:00 [running]> on host 889174c0d3f8
[2026-03-10T15:17:11.348+0000] {taskinstance.py:2480} INFO - Exporting env vars: AIRFLOW_CTX_DAG_OWNER='data-team' AIRFLOW_CTX_DAG_ID='stock_market_pipeline' AIRFLOW_CTX_TASK_ID='fetch_stock_data' AIRFLOW_CTX_EXECUTION_DATE='2026-03-10T15:17:09.017721+00:00' AIRFLOW_CTX_TRY_NUMBER='1' AIRFLOW_CTX_DAG_RUN_ID='manual__2026-03-10T15:17:09.017721+00:00'
[2026-03-10T15:17:13.899+0000] {fetch_stock_data.py:72} INFO - ✓ AAPL: 1 rows inserted
[2026-03-10T15:17:14.105+0000] {fetch_stock_data.py:72} INFO - ✓ MSFT: 1 rows inserted
[2026-03-10T15:17:14.265+0000] {fetch_stock_data.py:72} INFO - ✓ GOOGL: 1 rows inserted
[2026-03-10T15:17:14.430+0000] {fetch_stock_data.py:72} INFO - ✓ AMZN: 1 rows inserted
[2026-03-10T15:17:14.627+0000] {fetch_stock_data.py:72} INFO - ✓ NVDA: 1 rows inserted
[2026-03-10T15:17:14.797+0000] {fetch_stock_data.py:72} INFO - ✓ TSLA: 1 rows inserted
[2026-03-10T15:17:14.972+0000] {fetch_stock_data.py:72} INFO - ✓ META: 1 rows inserted
[2026-03-10T15:17:14.974+0000] {stock_pipeline_dag.py:31} INFO - Fetch result: {'rows_fetched': 7, 'tickers_ok': ['AAPL', 'MSFT', 'GOOGL', 'AMZN', 'NVDA', 'TSLA', 'META'], 'tickers_failed': []}
[2026-03-10T15:17:15.018+0000] {python.py:201} INFO - Done. Returned value was: None
[2026-03-10T15:17:15.043+0000] {taskinstance.py:1138} INFO - Marking task as SUCCESS. dag_id=stock_market_pipeline, task_id=fetch_stock_data, execution_date=20260310T151709, start_date=20260310T151710, end_date=20260310T151715
[2026-03-10T15:17:15.117+0000] {local_task_job_runner.py:234} INFO - Task exited with return code 0
[2026-03-10T15:17:15.189+0000] {taskinstance.py:3280} INFO - 1 downstream tasks scheduled from follow-on schedule check
