[2026-03-09T19:38:30.227+0000] {processor.py:161} INFO - Started process (PID=192) to work on /opt/airflow/dags/stock_pipeline_dag.py
[2026-03-09T19:38:30.230+0000] {processor.py:830} INFO - Processing file /opt/airflow/dags/stock_pipeline_dag.py for tasks to queue
[2026-03-09T19:38:30.232+0000] {logging_mixin.py:188} INFO - [2026-03-09T19:38:30.232+0000] {dagbag.py:538} INFO - Filling up the DagBag from /opt/airflow/dags/stock_pipeline_dag.py
[2026-03-09T19:38:30.303+0000] {processor.py:840} INFO - DAG(s) 'stock_market_pipeline' retrieved from /opt/airflow/dags/stock_pipeline_dag.py
[2026-03-09T19:38:30.741+0000] {logging_mixin.py:188} INFO - [2026-03-09T19:38:30.740+0000] {dag.py:3036} INFO - Sync 1 DAGs
[2026-03-09T19:38:30.793+0000] {logging_mixin.py:188} INFO - [2026-03-09T19:38:30.793+0000] {dag.py:3823} INFO - Setting next_dagrun for stock_market_pipeline to 2026-03-06 18:00:00+00:00, run_after=2026-03-09 18:00:00+00:00
[2026-03-09T19:38:30.834+0000] {processor.py:183} INFO - Processing /opt/airflow/dags/stock_pipeline_dag.py took 0.615 seconds
[2026-03-09T19:39:01.161+0000] {processor.py:161} INFO - Started process (PID=197) to work on /opt/airflow/dags/stock_pipeline_dag.py
[2026-03-09T19:39:01.167+0000] {processor.py:830} INFO - Processing file /opt/airflow/dags/stock_pipeline_dag.py for tasks to queue
[2026-03-09T19:39:01.172+0000] {logging_mixin.py:188} INFO - [2026-03-09T19:39:01.171+0000] {dagbag.py:538} INFO - Filling up the DagBag from /opt/airflow/dags/stock_pipeline_dag.py
[2026-03-09T19:39:01.256+0000] {processor.py:840} INFO - DAG(s) 'stock_market_pipeline' retrieved from /opt/airflow/dags/stock_pipeline_dag.py
[2026-03-09T19:39:01.367+0000] {logging_mixin.py:188} INFO - [2026-03-09T19:39:01.366+0000] {dag.py:3036} INFO - Sync 1 DAGs
[2026-03-09T19:39:01.430+0000] {logging_mixin.py:188} INFO - [2026-03-09T19:39:01.430+0000] {dag.py:3823} INFO - Setting next_dagrun for stock_market_pipeline to 2026-03-06 18:00:00+00:00, run_after=2026-03-09 18:00:00+00:00
[2026-03-09T19:39:01.486+0000] {processor.py:183} INFO - Processing /opt/airflow/dags/stock_pipeline_dag.py took 0.342 seconds
[2026-03-09T19:39:31.742+0000] {processor.py:161} INFO - Started process (PID=202) to work on /opt/airflow/dags/stock_pipeline_dag.py
[2026-03-09T19:39:31.746+0000] {processor.py:830} INFO - Processing file /opt/airflow/dags/stock_pipeline_dag.py for tasks to queue
[2026-03-09T19:39:31.750+0000] {logging_mixin.py:188} INFO - [2026-03-09T19:39:31.749+0000] {dagbag.py:538} INFO - Filling up the DagBag from /opt/airflow/dags/stock_pipeline_dag.py
[2026-03-09T19:39:31.831+0000] {processor.py:840} INFO - DAG(s) 'stock_market_pipeline' retrieved from /opt/airflow/dags/stock_pipeline_dag.py
[2026-03-09T19:39:31.889+0000] {logging_mixin.py:188} INFO - [2026-03-09T19:39:31.889+0000] {dag.py:3036} INFO - Sync 1 DAGs
[2026-03-09T19:39:31.924+0000] {logging_mixin.py:188} INFO - [2026-03-09T19:39:31.923+0000] {dag.py:3823} INFO - Setting next_dagrun for stock_market_pipeline to 2026-03-06 18:00:00+00:00, run_after=2026-03-09 18:00:00+00:00
[2026-03-09T19:39:31.957+0000] {processor.py:183} INFO - Processing /opt/airflow/dags/stock_pipeline_dag.py took 0.224 seconds
[2026-03-09T19:40:02.315+0000] {processor.py:161} INFO - Started process (PID=207) to work on /opt/airflow/dags/stock_pipeline_dag.py
[2026-03-09T19:40:02.319+0000] {processor.py:830} INFO - Processing file /opt/airflow/dags/stock_pipeline_dag.py for tasks to queue
[2026-03-09T19:40:02.325+0000] {logging_mixin.py:188} INFO - [2026-03-09T19:40:02.324+0000] {dagbag.py:538} INFO - Filling up the DagBag from /opt/airflow/dags/stock_pipeline_dag.py
[2026-03-09T19:40:02.411+0000] {processor.py:840} INFO - DAG(s) 'stock_market_pipeline' retrieved from /opt/airflow/dags/stock_pipeline_dag.py
[2026-03-09T19:40:02.510+0000] {logging_mixin.py:188} INFO - [2026-03-09T19:40:02.509+0000] {dag.py:3036} INFO - Sync 1 DAGs
[2026-03-09T19:40:02.602+0000] {logging_mixin.py:188} INFO - [2026-03-09T19:40:02.602+0000] {dag.py:3823} INFO - Setting next_dagrun for stock_market_pipeline to 2026-03-06 18:00:00+00:00, run_after=2026-03-09 18:00:00+00:00
[2026-03-09T19:40:02.670+0000] {processor.py:183} INFO - Processing /opt/airflow/dags/stock_pipeline_dag.py took 0.365 seconds
[2026-03-09T19:40:33.041+0000] {processor.py:161} INFO - Started process (PID=212) to work on /opt/airflow/dags/stock_pipeline_dag.py
[2026-03-09T19:40:33.043+0000] {processor.py:830} INFO - Processing file /opt/airflow/dags/stock_pipeline_dag.py for tasks to queue
[2026-03-09T19:40:33.046+0000] {logging_mixin.py:188} INFO - [2026-03-09T19:40:33.045+0000] {dagbag.py:538} INFO - Filling up the DagBag from /opt/airflow/dags/stock_pipeline_dag.py
[2026-03-09T19:40:33.095+0000] {processor.py:840} INFO - DAG(s) 'stock_market_pipeline' retrieved from /opt/airflow/dags/stock_pipeline_dag.py
[2026-03-09T19:40:33.145+0000] {logging_mixin.py:188} INFO - [2026-03-09T19:40:33.145+0000] {dag.py:3036} INFO - Sync 1 DAGs
[2026-03-09T19:40:33.186+0000] {logging_mixin.py:188} INFO - [2026-03-09T19:40:33.185+0000] {dag.py:3823} INFO - Setting next_dagrun for stock_market_pipeline to 2026-03-06 18:00:00+00:00, run_after=2026-03-09 18:00:00+00:00
[2026-03-09T19:40:33.225+0000] {processor.py:183} INFO - Processing /opt/airflow/dags/stock_pipeline_dag.py took 0.191 seconds
[2026-03-09T19:41:03.470+0000] {processor.py:161} INFO - Started process (PID=217) to work on /opt/airflow/dags/stock_pipeline_dag.py
[2026-03-09T19:41:03.475+0000] {processor.py:830} INFO - Processing file /opt/airflow/dags/stock_pipeline_dag.py for tasks to queue
[2026-03-09T19:41:03.479+0000] {logging_mixin.py:188} INFO - [2026-03-09T19:41:03.478+0000] {dagbag.py:538} INFO - Filling up the DagBag from /opt/airflow/dags/stock_pipeline_dag.py
[2026-03-09T19:41:03.572+0000] {processor.py:840} INFO - DAG(s) 'stock_market_pipeline' retrieved from /opt/airflow/dags/stock_pipeline_dag.py
[2026-03-09T19:41:03.695+0000] {logging_mixin.py:188} INFO - [2026-03-09T19:41:03.695+0000] {dag.py:3036} INFO - Sync 1 DAGs
[2026-03-09T19:41:03.771+0000] {logging_mixin.py:188} INFO - [2026-03-09T19:41:03.771+0000] {dag.py:3823} INFO - Setting next_dagrun for stock_market_pipeline to 2026-03-06 18:00:00+00:00, run_after=2026-03-09 18:00:00+00:00
[2026-03-09T19:41:03.826+0000] {processor.py:183} INFO - Processing /opt/airflow/dags/stock_pipeline_dag.py took 0.368 seconds
[2026-03-09T19:41:34.101+0000] {processor.py:161} INFO - Started process (PID=225) to work on /opt/airflow/dags/stock_pipeline_dag.py
[2026-03-09T19:41:34.104+0000] {processor.py:830} INFO - Processing file /opt/airflow/dags/stock_pipeline_dag.py for tasks to queue
[2026-03-09T19:41:34.107+0000] {logging_mixin.py:188} INFO - [2026-03-09T19:41:34.106+0000] {dagbag.py:538} INFO - Filling up the DagBag from /opt/airflow/dags/stock_pipeline_dag.py
[2026-03-09T19:41:34.178+0000] {processor.py:840} INFO - DAG(s) 'stock_market_pipeline' retrieved from /opt/airflow/dags/stock_pipeline_dag.py
[2026-03-09T19:41:34.244+0000] {logging_mixin.py:188} INFO - [2026-03-09T19:41:34.244+0000] {dag.py:3036} INFO - Sync 1 DAGs
[2026-03-09T19:41:34.316+0000] {processor.py:183} INFO - Processing /opt/airflow/dags/stock_pipeline_dag.py took 0.223 seconds
[2026-03-09T19:42:04.672+0000] {processor.py:161} INFO - Started process (PID=230) to work on /opt/airflow/dags/stock_pipeline_dag.py
[2026-03-09T19:42:04.675+0000] {processor.py:830} INFO - Processing file /opt/airflow/dags/stock_pipeline_dag.py for tasks to queue
[2026-03-09T19:42:04.677+0000] {logging_mixin.py:188} INFO - [2026-03-09T19:42:04.676+0000] {dagbag.py:538} INFO - Filling up the DagBag from /opt/airflow/dags/stock_pipeline_dag.py
[2026-03-09T19:42:04.747+0000] {processor.py:840} INFO - DAG(s) 'stock_market_pipeline' retrieved from /opt/airflow/dags/stock_pipeline_dag.py
[2026-03-09T19:42:04.835+0000] {logging_mixin.py:188} INFO - [2026-03-09T19:42:04.834+0000] {dag.py:3036} INFO - Sync 1 DAGs
[2026-03-09T19:42:04.904+0000] {processor.py:183} INFO - Processing /opt/airflow/dags/stock_pipeline_dag.py took 0.237 seconds
[2026-03-09T19:42:35.231+0000] {processor.py:161} INFO - Started process (PID=235) to work on /opt/airflow/dags/stock_pipeline_dag.py
[2026-03-09T19:42:35.234+0000] {processor.py:830} INFO - Processing file /opt/airflow/dags/stock_pipeline_dag.py for tasks to queue
[2026-03-09T19:42:35.236+0000] {logging_mixin.py:188} INFO - [2026-03-09T19:42:35.236+0000] {dagbag.py:538} INFO - Filling up the DagBag from /opt/airflow/dags/stock_pipeline_dag.py
[2026-03-09T19:42:35.295+0000] {processor.py:840} INFO - DAG(s) 'stock_market_pipeline' retrieved from /opt/airflow/dags/stock_pipeline_dag.py
[2026-03-09T19:42:35.345+0000] {logging_mixin.py:188} INFO - [2026-03-09T19:42:35.345+0000] {dag.py:3036} INFO - Sync 1 DAGs
[2026-03-09T19:42:35.420+0000] {processor.py:183} INFO - Processing /opt/airflow/dags/stock_pipeline_dag.py took 0.200 seconds
[2026-03-09T19:43:05.735+0000] {processor.py:161} INFO - Started process (PID=240) to work on /opt/airflow/dags/stock_pipeline_dag.py
[2026-03-09T19:43:05.737+0000] {processor.py:830} INFO - Processing file /opt/airflow/dags/stock_pipeline_dag.py for tasks to queue
[2026-03-09T19:43:05.740+0000] {logging_mixin.py:188} INFO - [2026-03-09T19:43:05.739+0000] {dagbag.py:538} INFO - Filling up the DagBag from /opt/airflow/dags/stock_pipeline_dag.py
[2026-03-09T19:43:05.814+0000] {processor.py:840} INFO - DAG(s) 'stock_market_pipeline' retrieved from /opt/airflow/dags/stock_pipeline_dag.py
[2026-03-09T19:43:05.901+0000] {logging_mixin.py:188} INFO - [2026-03-09T19:43:05.900+0000] {dag.py:3036} INFO - Sync 1 DAGs
[2026-03-09T19:43:05.990+0000] {processor.py:183} INFO - Processing /opt/airflow/dags/stock_pipeline_dag.py took 0.261 seconds
[2026-03-09T19:43:36.412+0000] {processor.py:161} INFO - Started process (PID=245) to work on /opt/airflow/dags/stock_pipeline_dag.py
[2026-03-09T19:43:36.414+0000] {processor.py:830} INFO - Processing file /opt/airflow/dags/stock_pipeline_dag.py for tasks to queue
[2026-03-09T19:43:36.416+0000] {logging_mixin.py:188} INFO - [2026-03-09T19:43:36.415+0000] {dagbag.py:538} INFO - Filling up the DagBag from /opt/airflow/dags/stock_pipeline_dag.py
[2026-03-09T19:43:36.460+0000] {processor.py:840} INFO - DAG(s) 'stock_market_pipeline' retrieved from /opt/airflow/dags/stock_pipeline_dag.py
[2026-03-09T19:43:36.511+0000] {logging_mixin.py:188} INFO - [2026-03-09T19:43:36.511+0000] {dag.py:3036} INFO - Sync 1 DAGs
[2026-03-09T19:43:36.579+0000] {processor.py:183} INFO - Processing /opt/airflow/dags/stock_pipeline_dag.py took 0.174 seconds
[2026-03-09T19:44:06.726+0000] {processor.py:161} INFO - Started process (PID=250) to work on /opt/airflow/dags/stock_pipeline_dag.py
[2026-03-09T19:44:06.730+0000] {processor.py:830} INFO - Processing file /opt/airflow/dags/stock_pipeline_dag.py for tasks to queue
[2026-03-09T19:44:06.735+0000] {logging_mixin.py:188} INFO - [2026-03-09T19:44:06.733+0000] {dagbag.py:538} INFO - Filling up the DagBag from /opt/airflow/dags/stock_pipeline_dag.py
[2026-03-09T19:44:06.811+0000] {processor.py:840} INFO - DAG(s) 'stock_market_pipeline' retrieved from /opt/airflow/dags/stock_pipeline_dag.py
[2026-03-09T19:44:06.860+0000] {logging_mixin.py:188} INFO - [2026-03-09T19:44:06.860+0000] {dag.py:3036} INFO - Sync 1 DAGs
[2026-03-09T19:44:06.934+0000] {processor.py:183} INFO - Processing /opt/airflow/dags/stock_pipeline_dag.py took 0.216 seconds
[2026-03-09T19:44:37.091+0000] {processor.py:161} INFO - Started process (PID=255) to work on /opt/airflow/dags/stock_pipeline_dag.py
[2026-03-09T19:44:37.093+0000] {processor.py:830} INFO - Processing file /opt/airflow/dags/stock_pipeline_dag.py for tasks to queue
[2026-03-09T19:44:37.095+0000] {logging_mixin.py:188} INFO - [2026-03-09T19:44:37.095+0000] {dagbag.py:538} INFO - Filling up the DagBag from /opt/airflow/dags/stock_pipeline_dag.py
[2026-03-09T19:44:37.142+0000] {processor.py:840} INFO - DAG(s) 'stock_market_pipeline' retrieved from /opt/airflow/dags/stock_pipeline_dag.py
[2026-03-09T19:44:37.187+0000] {logging_mixin.py:188} INFO - [2026-03-09T19:44:37.187+0000] {dag.py:3036} INFO - Sync 1 DAGs
[2026-03-09T19:44:37.282+0000] {processor.py:183} INFO - Processing /opt/airflow/dags/stock_pipeline_dag.py took 0.199 seconds
[2026-03-09T19:45:07.463+0000] {processor.py:161} INFO - Started process (PID=260) to work on /opt/airflow/dags/stock_pipeline_dag.py
[2026-03-09T19:45:07.466+0000] {processor.py:830} INFO - Processing file /opt/airflow/dags/stock_pipeline_dag.py for tasks to queue
[2026-03-09T19:45:07.468+0000] {logging_mixin.py:188} INFO - [2026-03-09T19:45:07.468+0000] {dagbag.py:538} INFO - Filling up the DagBag from /opt/airflow/dags/stock_pipeline_dag.py
[2026-03-09T19:45:07.521+0000] {processor.py:840} INFO - DAG(s) 'stock_market_pipeline' retrieved from /opt/airflow/dags/stock_pipeline_dag.py
[2026-03-09T19:45:07.579+0000] {logging_mixin.py:188} INFO - [2026-03-09T19:45:07.579+0000] {dag.py:3036} INFO - Sync 1 DAGs
[2026-03-09T19:45:07.648+0000] {processor.py:183} INFO - Processing /opt/airflow/dags/stock_pipeline_dag.py took 0.192 seconds
[2026-03-09T19:45:37.842+0000] {processor.py:161} INFO - Started process (PID=265) to work on /opt/airflow/dags/stock_pipeline_dag.py
[2026-03-09T19:45:37.847+0000] {processor.py:830} INFO - Processing file /opt/airflow/dags/stock_pipeline_dag.py for tasks to queue
[2026-03-09T19:45:37.851+0000] {logging_mixin.py:188} INFO - [2026-03-09T19:45:37.850+0000] {dagbag.py:538} INFO - Filling up the DagBag from /opt/airflow/dags/stock_pipeline_dag.py
[2026-03-09T19:45:37.953+0000] {processor.py:840} INFO - DAG(s) 'stock_market_pipeline' retrieved from /opt/airflow/dags/stock_pipeline_dag.py
[2026-03-09T19:45:38.050+0000] {logging_mixin.py:188} INFO - [2026-03-09T19:45:38.050+0000] {dag.py:3036} INFO - Sync 1 DAGs
[2026-03-09T19:45:38.187+0000] {processor.py:183} INFO - Processing /opt/airflow/dags/stock_pipeline_dag.py took 0.362 seconds
[2026-03-09T19:46:08.485+0000] {processor.py:161} INFO - Started process (PID=270) to work on /opt/airflow/dags/stock_pipeline_dag.py
[2026-03-09T19:46:08.488+0000] {processor.py:830} INFO - Processing file /opt/airflow/dags/stock_pipeline_dag.py for tasks to queue
[2026-03-09T19:46:08.491+0000] {logging_mixin.py:188} INFO - [2026-03-09T19:46:08.490+0000] {dagbag.py:538} INFO - Filling up the DagBag from /opt/airflow/dags/stock_pipeline_dag.py
[2026-03-09T19:46:08.565+0000] {processor.py:840} INFO - DAG(s) 'stock_market_pipeline' retrieved from /opt/airflow/dags/stock_pipeline_dag.py
[2026-03-09T19:46:08.632+0000] {logging_mixin.py:188} INFO - [2026-03-09T19:46:08.632+0000] {dag.py:3036} INFO - Sync 1 DAGs
[2026-03-09T19:46:08.704+0000] {processor.py:183} INFO - Processing /opt/airflow/dags/stock_pipeline_dag.py took 0.229 seconds
[2026-03-09T19:46:38.998+0000] {processor.py:161} INFO - Started process (PID=281) to work on /opt/airflow/dags/stock_pipeline_dag.py
[2026-03-09T19:46:39.001+0000] {processor.py:830} INFO - Processing file /opt/airflow/dags/stock_pipeline_dag.py for tasks to queue
[2026-03-09T19:46:39.004+0000] {logging_mixin.py:188} INFO - [2026-03-09T19:46:39.003+0000] {dagbag.py:538} INFO - Filling up the DagBag from /opt/airflow/dags/stock_pipeline_dag.py
[2026-03-09T19:46:39.065+0000] {processor.py:840} INFO - DAG(s) 'stock_market_pipeline' retrieved from /opt/airflow/dags/stock_pipeline_dag.py
[2026-03-09T19:46:39.166+0000] {logging_mixin.py:188} INFO - [2026-03-09T19:46:39.165+0000] {dag.py:3036} INFO - Sync 1 DAGs
[2026-03-09T19:46:39.327+0000] {processor.py:183} INFO - Processing /opt/airflow/dags/stock_pipeline_dag.py took 0.342 seconds
[2026-03-09T19:47:09.562+0000] {processor.py:161} INFO - Started process (PID=286) to work on /opt/airflow/dags/stock_pipeline_dag.py
[2026-03-09T19:47:09.565+0000] {processor.py:830} INFO - Processing file /opt/airflow/dags/stock_pipeline_dag.py for tasks to queue
[2026-03-09T19:47:09.566+0000] {logging_mixin.py:188} INFO - [2026-03-09T19:47:09.566+0000] {dagbag.py:538} INFO - Filling up the DagBag from /opt/airflow/dags/stock_pipeline_dag.py
[2026-03-09T19:47:09.595+0000] {processor.py:840} INFO - DAG(s) 'stock_market_pipeline' retrieved from /opt/airflow/dags/stock_pipeline_dag.py
[2026-03-09T19:47:09.656+0000] {logging_mixin.py:188} INFO - [2026-03-09T19:47:09.656+0000] {dag.py:3036} INFO - Sync 1 DAGs
[2026-03-09T19:47:09.711+0000] {processor.py:183} INFO - Processing /opt/airflow/dags/stock_pipeline_dag.py took 0.152 seconds
[2026-03-09T19:47:39.826+0000] {processor.py:161} INFO - Started process (PID=291) to work on /opt/airflow/dags/stock_pipeline_dag.py
[2026-03-09T19:47:39.828+0000] {processor.py:830} INFO - Processing file /opt/airflow/dags/stock_pipeline_dag.py for tasks to queue
[2026-03-09T19:47:39.829+0000] {logging_mixin.py:188} INFO - [2026-03-09T19:47:39.829+0000] {dagbag.py:538} INFO - Filling up the DagBag from /opt/airflow/dags/stock_pipeline_dag.py
[2026-03-09T19:47:39.881+0000] {processor.py:840} INFO - DAG(s) 'stock_market_pipeline' retrieved from /opt/airflow/dags/stock_pipeline_dag.py
[2026-03-09T19:47:39.927+0000] {logging_mixin.py:188} INFO - [2026-03-09T19:47:39.926+0000] {dag.py:3036} INFO - Sync 1 DAGs
[2026-03-09T19:47:39.979+0000] {processor.py:183} INFO - Processing /opt/airflow/dags/stock_pipeline_dag.py took 0.158 seconds
[2026-03-09T19:48:10.127+0000] {processor.py:161} INFO - Started process (PID=296) to work on /opt/airflow/dags/stock_pipeline_dag.py
[2026-03-09T19:48:10.129+0000] {processor.py:830} INFO - Processing file /opt/airflow/dags/stock_pipeline_dag.py for tasks to queue
[2026-03-09T19:48:10.132+0000] {logging_mixin.py:188} INFO - [2026-03-09T19:48:10.131+0000] {dagbag.py:538} INFO - Filling up the DagBag from /opt/airflow/dags/stock_pipeline_dag.py
[2026-03-09T19:48:10.182+0000] {processor.py:840} INFO - DAG(s) 'stock_market_pipeline' retrieved from /opt/airflow/dags/stock_pipeline_dag.py
[2026-03-09T19:48:10.226+0000] {logging_mixin.py:188} INFO - [2026-03-09T19:48:10.226+0000] {dag.py:3036} INFO - Sync 1 DAGs
[2026-03-09T19:48:10.284+0000] {processor.py:183} INFO - Processing /opt/airflow/dags/stock_pipeline_dag.py took 0.160 seconds
[2026-03-09T19:48:40.451+0000] {processor.py:161} INFO - Started process (PID=301) to work on /opt/airflow/dags/stock_pipeline_dag.py
[2026-03-09T19:48:40.452+0000] {processor.py:830} INFO - Processing file /opt/airflow/dags/stock_pipeline_dag.py for tasks to queue
[2026-03-09T19:48:40.454+0000] {logging_mixin.py:188} INFO - [2026-03-09T19:48:40.453+0000] {dagbag.py:538} INFO - Filling up the DagBag from /opt/airflow/dags/stock_pipeline_dag.py
[2026-03-09T19:48:40.481+0000] {processor.py:840} INFO - DAG(s) 'stock_market_pipeline' retrieved from /opt/airflow/dags/stock_pipeline_dag.py
[2026-03-09T19:48:40.521+0000] {logging_mixin.py:188} INFO - [2026-03-09T19:48:40.520+0000] {dag.py:3036} INFO - Sync 1 DAGs
[2026-03-09T19:48:40.568+0000] {processor.py:183} INFO - Processing /opt/airflow/dags/stock_pipeline_dag.py took 0.121 seconds
[2026-03-09T19:49:10.703+0000] {processor.py:161} INFO - Started process (PID=306) to work on /opt/airflow/dags/stock_pipeline_dag.py
[2026-03-09T19:49:10.705+0000] {processor.py:830} INFO - Processing file /opt/airflow/dags/stock_pipeline_dag.py for tasks to queue
[2026-03-09T19:49:10.706+0000] {logging_mixin.py:188} INFO - [2026-03-09T19:49:10.705+0000] {dagbag.py:538} INFO - Filling up the DagBag from /opt/airflow/dags/stock_pipeline_dag.py
[2026-03-09T19:49:10.738+0000] {processor.py:840} INFO - DAG(s) 'stock_market_pipeline' retrieved from /opt/airflow/dags/stock_pipeline_dag.py
[2026-03-09T19:49:10.780+0000] {logging_mixin.py:188} INFO - [2026-03-09T19:49:10.778+0000] {dag.py:3036} INFO - Sync 1 DAGs
[2026-03-09T19:49:10.831+0000] {processor.py:183} INFO - Processing /opt/airflow/dags/stock_pipeline_dag.py took 0.131 seconds
[2026-03-09T19:49:40.965+0000] {processor.py:161} INFO - Started process (PID=311) to work on /opt/airflow/dags/stock_pipeline_dag.py
[2026-03-09T19:49:40.967+0000] {processor.py:830} INFO - Processing file /opt/airflow/dags/stock_pipeline_dag.py for tasks to queue
[2026-03-09T19:49:40.969+0000] {logging_mixin.py:188} INFO - [2026-03-09T19:49:40.969+0000] {dagbag.py:538} INFO - Filling up the DagBag from /opt/airflow/dags/stock_pipeline_dag.py
[2026-03-09T19:49:41.011+0000] {processor.py:840} INFO - DAG(s) 'stock_market_pipeline' retrieved from /opt/airflow/dags/stock_pipeline_dag.py
[2026-03-09T19:49:41.055+0000] {logging_mixin.py:188} INFO - [2026-03-09T19:49:41.054+0000] {dag.py:3036} INFO - Sync 1 DAGs
[2026-03-09T19:49:41.107+0000] {processor.py:183} INFO - Processing /opt/airflow/dags/stock_pipeline_dag.py took 0.147 seconds
[2026-03-09T19:50:11.231+0000] {processor.py:161} INFO - Started process (PID=316) to work on /opt/airflow/dags/stock_pipeline_dag.py
[2026-03-09T19:50:11.234+0000] {processor.py:830} INFO - Processing file /opt/airflow/dags/stock_pipeline_dag.py for tasks to queue
[2026-03-09T19:50:11.236+0000] {logging_mixin.py:188} INFO - [2026-03-09T19:50:11.235+0000] {dagbag.py:538} INFO - Filling up the DagBag from /opt/airflow/dags/stock_pipeline_dag.py
[2026-03-09T19:50:11.269+0000] {processor.py:840} INFO - DAG(s) 'stock_market_pipeline' retrieved from /opt/airflow/dags/stock_pipeline_dag.py
[2026-03-09T19:50:11.319+0000] {logging_mixin.py:188} INFO - [2026-03-09T19:50:11.318+0000] {dag.py:3036} INFO - Sync 1 DAGs
[2026-03-09T19:50:11.387+0000] {processor.py:183} INFO - Processing /opt/airflow/dags/stock_pipeline_dag.py took 0.159 seconds
[2026-03-09T19:50:41.491+0000] {processor.py:161} INFO - Started process (PID=321) to work on /opt/airflow/dags/stock_pipeline_dag.py
[2026-03-09T19:50:41.493+0000] {processor.py:830} INFO - Processing file /opt/airflow/dags/stock_pipeline_dag.py for tasks to queue
[2026-03-09T19:50:41.494+0000] {logging_mixin.py:188} INFO - [2026-03-09T19:50:41.494+0000] {dagbag.py:538} INFO - Filling up the DagBag from /opt/airflow/dags/stock_pipeline_dag.py
[2026-03-09T19:50:41.525+0000] {processor.py:840} INFO - DAG(s) 'stock_market_pipeline' retrieved from /opt/airflow/dags/stock_pipeline_dag.py
[2026-03-09T19:50:41.566+0000] {logging_mixin.py:188} INFO - [2026-03-09T19:50:41.566+0000] {dag.py:3036} INFO - Sync 1 DAGs
[2026-03-09T19:50:41.618+0000] {processor.py:183} INFO - Processing /opt/airflow/dags/stock_pipeline_dag.py took 0.131 seconds
[2026-03-09T19:51:11.738+0000] {processor.py:161} INFO - Started process (PID=326) to work on /opt/airflow/dags/stock_pipeline_dag.py
[2026-03-09T19:51:11.740+0000] {processor.py:830} INFO - Processing file /opt/airflow/dags/stock_pipeline_dag.py for tasks to queue
[2026-03-09T19:51:11.742+0000] {logging_mixin.py:188} INFO - [2026-03-09T19:51:11.741+0000] {dagbag.py:538} INFO - Filling up the DagBag from /opt/airflow/dags/stock_pipeline_dag.py
[2026-03-09T19:51:11.783+0000] {processor.py:840} INFO - DAG(s) 'stock_market_pipeline' retrieved from /opt/airflow/dags/stock_pipeline_dag.py
[2026-03-09T19:51:11.826+0000] {logging_mixin.py:188} INFO - [2026-03-09T19:51:11.826+0000] {dag.py:3036} INFO - Sync 1 DAGs
[2026-03-09T19:51:11.876+0000] {processor.py:183} INFO - Processing /opt/airflow/dags/stock_pipeline_dag.py took 0.143 seconds
[2026-03-09T19:51:41.989+0000] {processor.py:161} INFO - Started process (PID=334) to work on /opt/airflow/dags/stock_pipeline_dag.py
[2026-03-09T19:51:41.992+0000] {processor.py:830} INFO - Processing file /opt/airflow/dags/stock_pipeline_dag.py for tasks to queue
[2026-03-09T19:51:41.994+0000] {logging_mixin.py:188} INFO - [2026-03-09T19:51:41.994+0000] {dagbag.py:538} INFO - Filling up the DagBag from /opt/airflow/dags/stock_pipeline_dag.py
[2026-03-09T19:51:42.031+0000] {processor.py:840} INFO - DAG(s) 'stock_market_pipeline' retrieved from /opt/airflow/dags/stock_pipeline_dag.py
[2026-03-09T19:51:42.081+0000] {logging_mixin.py:188} INFO - [2026-03-09T19:51:42.081+0000] {dag.py:3036} INFO - Sync 1 DAGs
[2026-03-09T19:51:42.116+0000] {logging_mixin.py:188} INFO - [2026-03-09T19:51:42.116+0000] {dag.py:3823} INFO - Setting next_dagrun for stock_market_pipeline to 2026-03-09 18:00:00+00:00, run_after=2026-03-10 18:00:00+00:00
[2026-03-09T19:51:42.141+0000] {processor.py:183} INFO - Processing /opt/airflow/dags/stock_pipeline_dag.py took 0.155 seconds
[2026-03-09T19:52:12.265+0000] {processor.py:161} INFO - Started process (PID=339) to work on /opt/airflow/dags/stock_pipeline_dag.py
[2026-03-09T19:52:12.266+0000] {processor.py:830} INFO - Processing file /opt/airflow/dags/stock_pipeline_dag.py for tasks to queue
[2026-03-09T19:52:12.267+0000] {logging_mixin.py:188} INFO - [2026-03-09T19:52:12.267+0000] {dagbag.py:538} INFO - Filling up the DagBag from /opt/airflow/dags/stock_pipeline_dag.py
[2026-03-09T19:52:12.309+0000] {processor.py:840} INFO - DAG(s) 'stock_market_pipeline' retrieved from /opt/airflow/dags/stock_pipeline_dag.py
[2026-03-09T19:52:12.353+0000] {logging_mixin.py:188} INFO - [2026-03-09T19:52:12.352+0000] {dag.py:3036} INFO - Sync 1 DAGs
[2026-03-09T19:52:12.377+0000] {logging_mixin.py:188} INFO - [2026-03-09T19:52:12.376+0000] {dag.py:3823} INFO - Setting next_dagrun for stock_market_pipeline to 2026-03-09 18:00:00+00:00, run_after=2026-03-10 18:00:00+00:00
[2026-03-09T19:52:12.404+0000] {processor.py:183} INFO - Processing /opt/airflow/dags/stock_pipeline_dag.py took 0.143 seconds
[2026-03-09T19:52:42.513+0000] {processor.py:161} INFO - Started process (PID=344) to work on /opt/airflow/dags/stock_pipeline_dag.py
[2026-03-09T19:52:42.515+0000] {processor.py:830} INFO - Processing file /opt/airflow/dags/stock_pipeline_dag.py for tasks to queue
[2026-03-09T19:52:42.516+0000] {logging_mixin.py:188} INFO - [2026-03-09T19:52:42.515+0000] {dagbag.py:538} INFO - Filling up the DagBag from /opt/airflow/dags/stock_pipeline_dag.py
[2026-03-09T19:52:42.551+0000] {processor.py:840} INFO - DAG(s) 'stock_market_pipeline' retrieved from /opt/airflow/dags/stock_pipeline_dag.py
[2026-03-09T19:52:42.594+0000] {logging_mixin.py:188} INFO - [2026-03-09T19:52:42.594+0000] {dag.py:3036} INFO - Sync 1 DAGs
[2026-03-09T19:52:42.624+0000] {logging_mixin.py:188} INFO - [2026-03-09T19:52:42.623+0000] {dag.py:3823} INFO - Setting next_dagrun for stock_market_pipeline to 2026-03-09 18:00:00+00:00, run_after=2026-03-10 18:00:00+00:00
[2026-03-09T19:52:42.651+0000] {processor.py:183} INFO - Processing /opt/airflow/dags/stock_pipeline_dag.py took 0.141 seconds
[2026-03-09T19:53:12.649+0000] {processor.py:161} INFO - Started process (PID=349) to work on /opt/airflow/dags/stock_pipeline_dag.py
[2026-03-09T19:53:12.650+0000] {processor.py:830} INFO - Processing file /opt/airflow/dags/stock_pipeline_dag.py for tasks to queue
[2026-03-09T19:53:12.653+0000] {logging_mixin.py:188} INFO - [2026-03-09T19:53:12.652+0000] {dagbag.py:538} INFO - Filling up the DagBag from /opt/airflow/dags/stock_pipeline_dag.py
[2026-03-09T19:53:12.682+0000] {processor.py:840} INFO - DAG(s) 'stock_market_pipeline' retrieved from /opt/airflow/dags/stock_pipeline_dag.py
[2026-03-09T19:53:12.756+0000] {logging_mixin.py:188} INFO - [2026-03-09T19:53:12.755+0000] {dag.py:3036} INFO - Sync 1 DAGs
[2026-03-09T19:53:12.799+0000] {logging_mixin.py:188} INFO - [2026-03-09T19:53:12.799+0000] {dag.py:3823} INFO - Setting next_dagrun for stock_market_pipeline to 2026-03-09 18:00:00+00:00, run_after=2026-03-10 18:00:00+00:00
[2026-03-09T19:53:12.827+0000] {processor.py:183} INFO - Processing /opt/airflow/dags/stock_pipeline_dag.py took 0.182 seconds
[2026-03-09T19:53:42.938+0000] {processor.py:161} INFO - Started process (PID=354) to work on /opt/airflow/dags/stock_pipeline_dag.py
[2026-03-09T19:53:42.939+0000] {processor.py:830} INFO - Processing file /opt/airflow/dags/stock_pipeline_dag.py for tasks to queue
[2026-03-09T19:53:42.941+0000] {logging_mixin.py:188} INFO - [2026-03-09T19:53:42.940+0000] {dagbag.py:538} INFO - Filling up the DagBag from /opt/airflow/dags/stock_pipeline_dag.py
[2026-03-09T19:53:42.974+0000] {processor.py:840} INFO - DAG(s) 'stock_market_pipeline' retrieved from /opt/airflow/dags/stock_pipeline_dag.py
[2026-03-09T19:53:43.018+0000] {logging_mixin.py:188} INFO - [2026-03-09T19:53:43.017+0000] {dag.py:3036} INFO - Sync 1 DAGs
[2026-03-09T19:53:43.044+0000] {logging_mixin.py:188} INFO - [2026-03-09T19:53:43.043+0000] {dag.py:3823} INFO - Setting next_dagrun for stock_market_pipeline to 2026-03-09 18:00:00+00:00, run_after=2026-03-10 18:00:00+00:00
[2026-03-09T19:53:43.075+0000] {processor.py:183} INFO - Processing /opt/airflow/dags/stock_pipeline_dag.py took 0.142 seconds
[2026-03-09T19:55:13.518+0000] {processor.py:161} INFO - Started process (PID=191) to work on /opt/airflow/dags/stock_pipeline_dag.py
[2026-03-09T19:55:13.520+0000] {processor.py:830} INFO - Processing file /opt/airflow/dags/stock_pipeline_dag.py for tasks to queue
[2026-03-09T19:55:13.521+0000] {logging_mixin.py:188} INFO - [2026-03-09T19:55:13.521+0000] {dagbag.py:538} INFO - Filling up the DagBag from /opt/airflow/dags/stock_pipeline_dag.py
[2026-03-09T19:55:13.566+0000] {processor.py:840} INFO - DAG(s) 'stock_market_pipeline' retrieved from /opt/airflow/dags/stock_pipeline_dag.py
[2026-03-09T19:55:13.608+0000] {logging_mixin.py:188} INFO - [2026-03-09T19:55:13.608+0000] {dag.py:3036} INFO - Sync 1 DAGs
[2026-03-09T19:55:13.647+0000] {logging_mixin.py:188} INFO - [2026-03-09T19:55:13.646+0000] {dag.py:3823} INFO - Setting next_dagrun for stock_market_pipeline to 2026-03-09 18:00:00+00:00, run_after=2026-03-10 18:00:00+00:00
[2026-03-09T19:55:13.685+0000] {processor.py:183} INFO - Processing /opt/airflow/dags/stock_pipeline_dag.py took 0.173 seconds
[2026-03-09T19:55:43.835+0000] {processor.py:161} INFO - Started process (PID=198) to work on /opt/airflow/dags/stock_pipeline_dag.py
[2026-03-09T19:55:43.837+0000] {processor.py:830} INFO - Processing file /opt/airflow/dags/stock_pipeline_dag.py for tasks to queue
[2026-03-09T19:55:43.839+0000] {logging_mixin.py:188} INFO - [2026-03-09T19:55:43.838+0000] {dagbag.py:538} INFO - Filling up the DagBag from /opt/airflow/dags/stock_pipeline_dag.py
[2026-03-09T19:55:43.877+0000] {processor.py:840} INFO - DAG(s) 'stock_market_pipeline' retrieved from /opt/airflow/dags/stock_pipeline_dag.py
[2026-03-09T19:55:44.147+0000] {logging_mixin.py:188} INFO - [2026-03-09T19:55:44.147+0000] {dag.py:3036} INFO - Sync 1 DAGs
[2026-03-09T19:55:44.204+0000] {processor.py:183} INFO - Processing /opt/airflow/dags/stock_pipeline_dag.py took 0.377 seconds
[2026-03-09T19:56:14.363+0000] {processor.py:161} INFO - Started process (PID=204) to work on /opt/airflow/dags/stock_pipeline_dag.py
[2026-03-09T19:56:14.365+0000] {processor.py:830} INFO - Processing file /opt/airflow/dags/stock_pipeline_dag.py for tasks to queue
[2026-03-09T19:56:14.367+0000] {logging_mixin.py:188} INFO - [2026-03-09T19:56:14.366+0000] {dagbag.py:538} INFO - Filling up the DagBag from /opt/airflow/dags/stock_pipeline_dag.py
[2026-03-09T19:56:14.411+0000] {processor.py:840} INFO - DAG(s) 'stock_market_pipeline' retrieved from /opt/airflow/dags/stock_pipeline_dag.py
[2026-03-09T19:56:14.455+0000] {logging_mixin.py:188} INFO - [2026-03-09T19:56:14.455+0000] {dag.py:3036} INFO - Sync 1 DAGs
[2026-03-09T19:56:14.504+0000] {processor.py:183} INFO - Processing /opt/airflow/dags/stock_pipeline_dag.py took 0.145 seconds
[2026-03-09T19:56:44.682+0000] {processor.py:161} INFO - Started process (PID=209) to work on /opt/airflow/dags/stock_pipeline_dag.py
[2026-03-09T19:56:44.683+0000] {processor.py:830} INFO - Processing file /opt/airflow/dags/stock_pipeline_dag.py for tasks to queue
[2026-03-09T19:56:44.684+0000] {logging_mixin.py:188} INFO - [2026-03-09T19:56:44.684+0000] {dagbag.py:538} INFO - Filling up the DagBag from /opt/airflow/dags/stock_pipeline_dag.py
[2026-03-09T19:56:44.707+0000] {processor.py:840} INFO - DAG(s) 'stock_market_pipeline' retrieved from /opt/airflow/dags/stock_pipeline_dag.py
[2026-03-09T19:56:44.750+0000] {logging_mixin.py:188} INFO - [2026-03-09T19:56:44.750+0000] {dag.py:3036} INFO - Sync 1 DAGs
[2026-03-09T19:56:44.804+0000] {processor.py:183} INFO - Processing /opt/airflow/dags/stock_pipeline_dag.py took 0.125 seconds
[2026-03-09T19:57:14.867+0000] {processor.py:161} INFO - Started process (PID=214) to work on /opt/airflow/dags/stock_pipeline_dag.py
[2026-03-09T19:57:14.867+0000] {processor.py:830} INFO - Processing file /opt/airflow/dags/stock_pipeline_dag.py for tasks to queue
[2026-03-09T19:57:14.868+0000] {logging_mixin.py:188} INFO - [2026-03-09T19:57:14.868+0000] {dagbag.py:538} INFO - Filling up the DagBag from /opt/airflow/dags/stock_pipeline_dag.py
[2026-03-09T19:57:14.895+0000] {processor.py:840} INFO - DAG(s) 'stock_market_pipeline' retrieved from /opt/airflow/dags/stock_pipeline_dag.py
[2026-03-09T19:57:14.937+0000] {logging_mixin.py:188} INFO - [2026-03-09T19:57:14.936+0000] {dag.py:3036} INFO - Sync 1 DAGs
[2026-03-09T19:57:14.990+0000] {processor.py:183} INFO - Processing /opt/airflow/dags/stock_pipeline_dag.py took 0.127 seconds
[2026-03-09T19:57:45.077+0000] {processor.py:161} INFO - Started process (PID=219) to work on /opt/airflow/dags/stock_pipeline_dag.py
[2026-03-09T19:57:45.078+0000] {processor.py:830} INFO - Processing file /opt/airflow/dags/stock_pipeline_dag.py for tasks to queue
[2026-03-09T19:57:45.079+0000] {logging_mixin.py:188} INFO - [2026-03-09T19:57:45.079+0000] {dagbag.py:538} INFO - Filling up the DagBag from /opt/airflow/dags/stock_pipeline_dag.py
[2026-03-09T19:57:45.104+0000] {processor.py:840} INFO - DAG(s) 'stock_market_pipeline' retrieved from /opt/airflow/dags/stock_pipeline_dag.py
[2026-03-09T19:57:45.141+0000] {logging_mixin.py:188} INFO - [2026-03-09T19:57:45.141+0000] {dag.py:3036} INFO - Sync 1 DAGs
[2026-03-09T19:57:45.185+0000] {processor.py:183} INFO - Processing /opt/airflow/dags/stock_pipeline_dag.py took 0.112 seconds
[2026-03-09T19:58:15.332+0000] {processor.py:161} INFO - Started process (PID=224) to work on /opt/airflow/dags/stock_pipeline_dag.py
[2026-03-09T19:58:15.333+0000] {processor.py:830} INFO - Processing file /opt/airflow/dags/stock_pipeline_dag.py for tasks to queue
[2026-03-09T19:58:15.334+0000] {logging_mixin.py:188} INFO - [2026-03-09T19:58:15.334+0000] {dagbag.py:538} INFO - Filling up the DagBag from /opt/airflow/dags/stock_pipeline_dag.py
[2026-03-09T19:58:15.363+0000] {processor.py:840} INFO - DAG(s) 'stock_market_pipeline' retrieved from /opt/airflow/dags/stock_pipeline_dag.py
[2026-03-09T19:58:15.402+0000] {logging_mixin.py:188} INFO - [2026-03-09T19:58:15.401+0000] {dag.py:3036} INFO - Sync 1 DAGs
[2026-03-09T19:58:15.452+0000] {processor.py:183} INFO - Processing /opt/airflow/dags/stock_pipeline_dag.py took 0.123 seconds
[2026-03-09T19:58:45.602+0000] {processor.py:161} INFO - Started process (PID=229) to work on /opt/airflow/dags/stock_pipeline_dag.py
[2026-03-09T19:58:45.603+0000] {processor.py:830} INFO - Processing file /opt/airflow/dags/stock_pipeline_dag.py for tasks to queue
[2026-03-09T19:58:45.604+0000] {logging_mixin.py:188} INFO - [2026-03-09T19:58:45.604+0000] {dagbag.py:538} INFO - Filling up the DagBag from /opt/airflow/dags/stock_pipeline_dag.py
[2026-03-09T19:58:45.629+0000] {processor.py:840} INFO - DAG(s) 'stock_market_pipeline' retrieved from /opt/airflow/dags/stock_pipeline_dag.py
[2026-03-09T19:58:45.670+0000] {logging_mixin.py:188} INFO - [2026-03-09T19:58:45.670+0000] {dag.py:3036} INFO - Sync 1 DAGs
[2026-03-09T19:58:45.716+0000] {processor.py:183} INFO - Processing /opt/airflow/dags/stock_pipeline_dag.py took 0.117 seconds
[2026-03-09T19:59:15.929+0000] {processor.py:161} INFO - Started process (PID=234) to work on /opt/airflow/dags/stock_pipeline_dag.py
[2026-03-09T19:59:15.932+0000] {processor.py:830} INFO - Processing file /opt/airflow/dags/stock_pipeline_dag.py for tasks to queue
[2026-03-09T19:59:15.934+0000] {logging_mixin.py:188} INFO - [2026-03-09T19:59:15.934+0000] {dagbag.py:538} INFO - Filling up the DagBag from /opt/airflow/dags/stock_pipeline_dag.py
[2026-03-09T19:59:15.979+0000] {processor.py:840} INFO - DAG(s) 'stock_market_pipeline' retrieved from /opt/airflow/dags/stock_pipeline_dag.py
[2026-03-09T19:59:16.032+0000] {logging_mixin.py:188} INFO - [2026-03-09T19:59:16.032+0000] {dag.py:3036} INFO - Sync 1 DAGs
[2026-03-09T19:59:16.077+0000] {processor.py:183} INFO - Processing /opt/airflow/dags/stock_pipeline_dag.py took 0.157 seconds
[2026-03-09T19:59:46.301+0000] {processor.py:161} INFO - Started process (PID=239) to work on /opt/airflow/dags/stock_pipeline_dag.py
[2026-03-09T19:59:46.303+0000] {processor.py:830} INFO - Processing file /opt/airflow/dags/stock_pipeline_dag.py for tasks to queue
[2026-03-09T19:59:46.304+0000] {logging_mixin.py:188} INFO - [2026-03-09T19:59:46.304+0000] {dagbag.py:538} INFO - Filling up the DagBag from /opt/airflow/dags/stock_pipeline_dag.py
[2026-03-09T19:59:46.344+0000] {processor.py:840} INFO - DAG(s) 'stock_market_pipeline' retrieved from /opt/airflow/dags/stock_pipeline_dag.py
[2026-03-09T19:59:46.384+0000] {logging_mixin.py:188} INFO - [2026-03-09T19:59:46.384+0000] {dag.py:3036} INFO - Sync 1 DAGs
[2026-03-09T19:59:46.431+0000] {processor.py:183} INFO - Processing /opt/airflow/dags/stock_pipeline_dag.py took 0.132 seconds
[2026-03-09T20:00:16.538+0000] {processor.py:161} INFO - Started process (PID=244) to work on /opt/airflow/dags/stock_pipeline_dag.py
[2026-03-09T20:00:16.540+0000] {processor.py:830} INFO - Processing file /opt/airflow/dags/stock_pipeline_dag.py for tasks to queue
[2026-03-09T20:00:16.541+0000] {logging_mixin.py:188} INFO - [2026-03-09T20:00:16.541+0000] {dagbag.py:538} INFO - Filling up the DagBag from /opt/airflow/dags/stock_pipeline_dag.py
[2026-03-09T20:00:16.574+0000] {processor.py:840} INFO - DAG(s) 'stock_market_pipeline' retrieved from /opt/airflow/dags/stock_pipeline_dag.py
[2026-03-09T20:00:16.613+0000] {logging_mixin.py:188} INFO - [2026-03-09T20:00:16.613+0000] {dag.py:3036} INFO - Sync 1 DAGs
[2026-03-09T20:00:16.660+0000] {processor.py:183} INFO - Processing /opt/airflow/dags/stock_pipeline_dag.py took 0.125 seconds
[2026-03-09T20:00:46.777+0000] {processor.py:161} INFO - Started process (PID=251) to work on /opt/airflow/dags/stock_pipeline_dag.py
[2026-03-09T20:00:46.779+0000] {processor.py:830} INFO - Processing file /opt/airflow/dags/stock_pipeline_dag.py for tasks to queue
[2026-03-09T20:00:46.781+0000] {logging_mixin.py:188} INFO - [2026-03-09T20:00:46.781+0000] {dagbag.py:538} INFO - Filling up the DagBag from /opt/airflow/dags/stock_pipeline_dag.py
[2026-03-09T20:00:46.816+0000] {processor.py:840} INFO - DAG(s) 'stock_market_pipeline' retrieved from /opt/airflow/dags/stock_pipeline_dag.py
[2026-03-09T20:00:46.859+0000] {logging_mixin.py:188} INFO - [2026-03-09T20:00:46.858+0000] {dag.py:3036} INFO - Sync 1 DAGs
[2026-03-09T20:00:46.915+0000] {processor.py:183} INFO - Processing /opt/airflow/dags/stock_pipeline_dag.py took 0.142 seconds
[2026-03-09T20:01:17.066+0000] {processor.py:161} INFO - Started process (PID=260) to work on /opt/airflow/dags/stock_pipeline_dag.py
[2026-03-09T20:01:17.067+0000] {processor.py:830} INFO - Processing file /opt/airflow/dags/stock_pipeline_dag.py for tasks to queue
[2026-03-09T20:01:17.069+0000] {logging_mixin.py:188} INFO - [2026-03-09T20:01:17.069+0000] {dagbag.py:538} INFO - Filling up the DagBag from /opt/airflow/dags/stock_pipeline_dag.py
[2026-03-09T20:01:17.090+0000] {processor.py:840} INFO - DAG(s) 'stock_market_pipeline' retrieved from /opt/airflow/dags/stock_pipeline_dag.py
[2026-03-09T20:01:17.130+0000] {logging_mixin.py:188} INFO - [2026-03-09T20:01:17.130+0000] {dag.py:3036} INFO - Sync 1 DAGs
[2026-03-09T20:01:17.178+0000] {processor.py:183} INFO - Processing /opt/airflow/dags/stock_pipeline_dag.py took 0.115 seconds
[2026-03-09T20:01:47.330+0000] {processor.py:161} INFO - Started process (PID=265) to work on /opt/airflow/dags/stock_pipeline_dag.py
[2026-03-09T20:01:47.331+0000] {processor.py:830} INFO - Processing file /opt/airflow/dags/stock_pipeline_dag.py for tasks to queue
[2026-03-09T20:01:47.332+0000] {logging_mixin.py:188} INFO - [2026-03-09T20:01:47.332+0000] {dagbag.py:538} INFO - Filling up the DagBag from /opt/airflow/dags/stock_pipeline_dag.py
[2026-03-09T20:01:47.357+0000] {processor.py:840} INFO - DAG(s) 'stock_market_pipeline' retrieved from /opt/airflow/dags/stock_pipeline_dag.py
[2026-03-09T20:01:47.401+0000] {logging_mixin.py:188} INFO - [2026-03-09T20:01:47.401+0000] {dag.py:3036} INFO - Sync 1 DAGs
[2026-03-09T20:01:47.447+0000] {processor.py:183} INFO - Processing /opt/airflow/dags/stock_pipeline_dag.py took 0.123 seconds
[2026-03-09T20:02:17.573+0000] {processor.py:161} INFO - Started process (PID=270) to work on /opt/airflow/dags/stock_pipeline_dag.py
[2026-03-09T20:02:17.577+0000] {processor.py:830} INFO - Processing file /opt/airflow/dags/stock_pipeline_dag.py for tasks to queue
[2026-03-09T20:02:17.579+0000] {logging_mixin.py:188} INFO - [2026-03-09T20:02:17.578+0000] {dagbag.py:538} INFO - Filling up the DagBag from /opt/airflow/dags/stock_pipeline_dag.py
[2026-03-09T20:02:17.622+0000] {processor.py:840} INFO - DAG(s) 'stock_market_pipeline' retrieved from /opt/airflow/dags/stock_pipeline_dag.py
[2026-03-09T20:02:17.668+0000] {logging_mixin.py:188} INFO - [2026-03-09T20:02:17.668+0000] {dag.py:3036} INFO - Sync 1 DAGs
[2026-03-09T20:02:17.721+0000] {processor.py:183} INFO - Processing /opt/airflow/dags/stock_pipeline_dag.py took 0.152 seconds
[2026-03-09T20:04:03.544+0000] {processor.py:161} INFO - Started process (PID=190) to work on /opt/airflow/dags/stock_pipeline_dag.py
[2026-03-09T20:04:03.545+0000] {processor.py:830} INFO - Processing file /opt/airflow/dags/stock_pipeline_dag.py for tasks to queue
[2026-03-09T20:04:03.547+0000] {logging_mixin.py:188} INFO - [2026-03-09T20:04:03.546+0000] {dagbag.py:538} INFO - Filling up the DagBag from /opt/airflow/dags/stock_pipeline_dag.py
[2026-03-09T20:04:03.571+0000] {processor.py:840} INFO - DAG(s) 'stock_market_pipeline' retrieved from /opt/airflow/dags/stock_pipeline_dag.py
[2026-03-09T20:04:03.607+0000] {logging_mixin.py:188} INFO - [2026-03-09T20:04:03.607+0000] {dag.py:3036} INFO - Sync 1 DAGs
[2026-03-09T20:04:03.665+0000] {processor.py:183} INFO - Processing /opt/airflow/dags/stock_pipeline_dag.py took 0.125 seconds
[2026-03-09T20:04:33.802+0000] {processor.py:161} INFO - Started process (PID=196) to work on /opt/airflow/dags/stock_pipeline_dag.py
[2026-03-09T20:04:33.804+0000] {processor.py:830} INFO - Processing file /opt/airflow/dags/stock_pipeline_dag.py for tasks to queue
[2026-03-09T20:04:33.805+0000] {logging_mixin.py:188} INFO - [2026-03-09T20:04:33.805+0000] {dagbag.py:538} INFO - Filling up the DagBag from /opt/airflow/dags/stock_pipeline_dag.py
[2026-03-09T20:04:33.848+0000] {processor.py:840} INFO - DAG(s) 'stock_market_pipeline' retrieved from /opt/airflow/dags/stock_pipeline_dag.py
[2026-03-09T20:04:34.052+0000] {logging_mixin.py:188} INFO - [2026-03-09T20:04:34.052+0000] {dag.py:3036} INFO - Sync 1 DAGs
[2026-03-09T20:04:34.097+0000] {processor.py:183} INFO - Processing /opt/airflow/dags/stock_pipeline_dag.py took 0.299 seconds
[2026-03-09T20:05:04.269+0000] {processor.py:161} INFO - Started process (PID=201) to work on /opt/airflow/dags/stock_pipeline_dag.py
[2026-03-09T20:05:04.271+0000] {processor.py:830} INFO - Processing file /opt/airflow/dags/stock_pipeline_dag.py for tasks to queue
[2026-03-09T20:05:04.272+0000] {logging_mixin.py:188} INFO - [2026-03-09T20:05:04.272+0000] {dagbag.py:538} INFO - Filling up the DagBag from /opt/airflow/dags/stock_pipeline_dag.py
[2026-03-09T20:05:04.297+0000] {processor.py:840} INFO - DAG(s) 'stock_market_pipeline' retrieved from /opt/airflow/dags/stock_pipeline_dag.py
[2026-03-09T20:05:04.336+0000] {logging_mixin.py:188} INFO - [2026-03-09T20:05:04.336+0000] {dag.py:3036} INFO - Sync 1 DAGs
[2026-03-09T20:05:04.380+0000] {processor.py:183} INFO - Processing /opt/airflow/dags/stock_pipeline_dag.py took 0.115 seconds
[2026-03-09T20:05:34.813+0000] {processor.py:161} INFO - Started process (PID=206) to work on /opt/airflow/dags/stock_pipeline_dag.py
[2026-03-09T20:05:34.814+0000] {processor.py:830} INFO - Processing file /opt/airflow/dags/stock_pipeline_dag.py for tasks to queue
[2026-03-09T20:05:34.816+0000] {logging_mixin.py:188} INFO - [2026-03-09T20:05:34.815+0000] {dagbag.py:538} INFO - Filling up the DagBag from /opt/airflow/dags/stock_pipeline_dag.py
[2026-03-09T20:05:34.839+0000] {processor.py:840} INFO - DAG(s) 'stock_market_pipeline' retrieved from /opt/airflow/dags/stock_pipeline_dag.py
[2026-03-09T20:05:34.877+0000] {logging_mixin.py:188} INFO - [2026-03-09T20:05:34.877+0000] {dag.py:3036} INFO - Sync 1 DAGs
[2026-03-09T20:05:34.926+0000] {processor.py:183} INFO - Processing /opt/airflow/dags/stock_pipeline_dag.py took 0.118 seconds
[2026-03-09T20:06:05.310+0000] {processor.py:161} INFO - Started process (PID=217) to work on /opt/airflow/dags/stock_pipeline_dag.py
[2026-03-09T20:06:05.311+0000] {processor.py:830} INFO - Processing file /opt/airflow/dags/stock_pipeline_dag.py for tasks to queue
[2026-03-09T20:06:05.312+0000] {logging_mixin.py:188} INFO - [2026-03-09T20:06:05.312+0000] {dagbag.py:538} INFO - Filling up the DagBag from /opt/airflow/dags/stock_pipeline_dag.py
[2026-03-09T20:06:05.337+0000] {processor.py:840} INFO - DAG(s) 'stock_market_pipeline' retrieved from /opt/airflow/dags/stock_pipeline_dag.py
[2026-03-09T20:06:05.375+0000] {logging_mixin.py:188} INFO - [2026-03-09T20:06:05.375+0000] {dag.py:3036} INFO - Sync 1 DAGs
[2026-03-09T20:06:05.425+0000] {processor.py:183} INFO - Processing /opt/airflow/dags/stock_pipeline_dag.py took 0.118 seconds
[2026-03-09T20:06:35.560+0000] {processor.py:161} INFO - Started process (PID=222) to work on /opt/airflow/dags/stock_pipeline_dag.py
[2026-03-09T20:06:35.561+0000] {processor.py:830} INFO - Processing file /opt/airflow/dags/stock_pipeline_dag.py for tasks to queue
[2026-03-09T20:06:35.562+0000] {logging_mixin.py:188} INFO - [2026-03-09T20:06:35.562+0000] {dagbag.py:538} INFO - Filling up the DagBag from /opt/airflow/dags/stock_pipeline_dag.py
[2026-03-09T20:06:35.588+0000] {processor.py:840} INFO - DAG(s) 'stock_market_pipeline' retrieved from /opt/airflow/dags/stock_pipeline_dag.py
[2026-03-09T20:06:35.626+0000] {logging_mixin.py:188} INFO - [2026-03-09T20:06:35.626+0000] {dag.py:3036} INFO - Sync 1 DAGs
[2026-03-09T20:06:35.673+0000] {processor.py:183} INFO - Processing /opt/airflow/dags/stock_pipeline_dag.py took 0.116 seconds
[2026-03-09T20:07:05.808+0000] {processor.py:161} INFO - Started process (PID=227) to work on /opt/airflow/dags/stock_pipeline_dag.py
[2026-03-09T20:07:05.809+0000] {processor.py:830} INFO - Processing file /opt/airflow/dags/stock_pipeline_dag.py for tasks to queue
[2026-03-09T20:07:05.810+0000] {logging_mixin.py:188} INFO - [2026-03-09T20:07:05.810+0000] {dagbag.py:538} INFO - Filling up the DagBag from /opt/airflow/dags/stock_pipeline_dag.py
[2026-03-09T20:07:05.841+0000] {processor.py:840} INFO - DAG(s) 'stock_market_pipeline' retrieved from /opt/airflow/dags/stock_pipeline_dag.py
[2026-03-09T20:07:05.888+0000] {logging_mixin.py:188} INFO - [2026-03-09T20:07:05.888+0000] {dag.py:3036} INFO - Sync 1 DAGs
[2026-03-09T20:07:05.946+0000] {processor.py:183} INFO - Processing /opt/airflow/dags/stock_pipeline_dag.py took 0.141 seconds
[2026-03-09T20:07:36.134+0000] {processor.py:161} INFO - Started process (PID=232) to work on /opt/airflow/dags/stock_pipeline_dag.py
[2026-03-09T20:07:36.135+0000] {processor.py:830} INFO - Processing file /opt/airflow/dags/stock_pipeline_dag.py for tasks to queue
[2026-03-09T20:07:36.136+0000] {logging_mixin.py:188} INFO - [2026-03-09T20:07:36.136+0000] {dagbag.py:538} INFO - Filling up the DagBag from /opt/airflow/dags/stock_pipeline_dag.py
[2026-03-09T20:07:36.178+0000] {processor.py:840} INFO - DAG(s) 'stock_market_pipeline' retrieved from /opt/airflow/dags/stock_pipeline_dag.py
[2026-03-09T20:07:36.222+0000] {logging_mixin.py:188} INFO - [2026-03-09T20:07:36.221+0000] {dag.py:3036} INFO - Sync 1 DAGs
[2026-03-09T20:07:36.274+0000] {processor.py:183} INFO - Processing /opt/airflow/dags/stock_pipeline_dag.py took 0.144 seconds
[2026-03-09T20:08:06.336+0000] {processor.py:161} INFO - Started process (PID=237) to work on /opt/airflow/dags/stock_pipeline_dag.py
[2026-03-09T20:08:06.337+0000] {processor.py:830} INFO - Processing file /opt/airflow/dags/stock_pipeline_dag.py for tasks to queue
[2026-03-09T20:08:06.338+0000] {logging_mixin.py:188} INFO - [2026-03-09T20:08:06.338+0000] {dagbag.py:538} INFO - Filling up the DagBag from /opt/airflow/dags/stock_pipeline_dag.py
[2026-03-09T20:08:06.359+0000] {processor.py:840} INFO - DAG(s) 'stock_market_pipeline' retrieved from /opt/airflow/dags/stock_pipeline_dag.py
[2026-03-09T20:08:06.395+0000] {logging_mixin.py:188} INFO - [2026-03-09T20:08:06.395+0000] {dag.py:3036} INFO - Sync 1 DAGs
[2026-03-09T20:08:06.443+0000] {processor.py:183} INFO - Processing /opt/airflow/dags/stock_pipeline_dag.py took 0.112 seconds
[2026-03-09T20:08:36.633+0000] {processor.py:161} INFO - Started process (PID=242) to work on /opt/airflow/dags/stock_pipeline_dag.py
[2026-03-09T20:08:36.634+0000] {processor.py:830} INFO - Processing file /opt/airflow/dags/stock_pipeline_dag.py for tasks to queue
[2026-03-09T20:08:36.636+0000] {logging_mixin.py:188} INFO - [2026-03-09T20:08:36.636+0000] {dagbag.py:538} INFO - Filling up the DagBag from /opt/airflow/dags/stock_pipeline_dag.py
[2026-03-09T20:08:36.665+0000] {processor.py:840} INFO - DAG(s) 'stock_market_pipeline' retrieved from /opt/airflow/dags/stock_pipeline_dag.py
[2026-03-09T20:08:36.703+0000] {logging_mixin.py:188} INFO - [2026-03-09T20:08:36.703+0000] {dag.py:3036} INFO - Sync 1 DAGs
[2026-03-09T20:08:36.752+0000] {processor.py:183} INFO - Processing /opt/airflow/dags/stock_pipeline_dag.py took 0.122 seconds
[2026-03-09T20:09:06.870+0000] {processor.py:161} INFO - Started process (PID=247) to work on /opt/airflow/dags/stock_pipeline_dag.py
[2026-03-09T20:09:06.871+0000] {processor.py:830} INFO - Processing file /opt/airflow/dags/stock_pipeline_dag.py for tasks to queue
[2026-03-09T20:09:06.872+0000] {logging_mixin.py:188} INFO - [2026-03-09T20:09:06.872+0000] {dagbag.py:538} INFO - Filling up the DagBag from /opt/airflow/dags/stock_pipeline_dag.py
[2026-03-09T20:09:06.895+0000] {processor.py:840} INFO - DAG(s) 'stock_market_pipeline' retrieved from /opt/airflow/dags/stock_pipeline_dag.py
[2026-03-09T20:09:06.934+0000] {logging_mixin.py:188} INFO - [2026-03-09T20:09:06.933+0000] {dag.py:3036} INFO - Sync 1 DAGs
[2026-03-09T20:09:06.980+0000] {processor.py:183} INFO - Processing /opt/airflow/dags/stock_pipeline_dag.py took 0.113 seconds
[2026-03-09T20:09:37.069+0000] {processor.py:161} INFO - Started process (PID=252) to work on /opt/airflow/dags/stock_pipeline_dag.py
[2026-03-09T20:09:37.071+0000] {processor.py:830} INFO - Processing file /opt/airflow/dags/stock_pipeline_dag.py for tasks to queue
[2026-03-09T20:09:37.072+0000] {logging_mixin.py:188} INFO - [2026-03-09T20:09:37.072+0000] {dagbag.py:538} INFO - Filling up the DagBag from /opt/airflow/dags/stock_pipeline_dag.py
[2026-03-09T20:09:37.105+0000] {processor.py:840} INFO - DAG(s) 'stock_market_pipeline' retrieved from /opt/airflow/dags/stock_pipeline_dag.py
[2026-03-09T20:09:37.146+0000] {logging_mixin.py:188} INFO - [2026-03-09T20:09:37.146+0000] {dag.py:3036} INFO - Sync 1 DAGs
[2026-03-09T20:09:37.194+0000] {processor.py:183} INFO - Processing /opt/airflow/dags/stock_pipeline_dag.py took 0.128 seconds
[2026-03-09T20:10:08.138+0000] {processor.py:161} INFO - Started process (PID=257) to work on /opt/airflow/dags/stock_pipeline_dag.py
[2026-03-09T20:10:08.140+0000] {processor.py:830} INFO - Processing file /opt/airflow/dags/stock_pipeline_dag.py for tasks to queue
[2026-03-09T20:10:08.141+0000] {logging_mixin.py:188} INFO - [2026-03-09T20:10:08.141+0000] {dagbag.py:538} INFO - Filling up the DagBag from /opt/airflow/dags/stock_pipeline_dag.py
[2026-03-09T20:10:08.167+0000] {processor.py:840} INFO - DAG(s) 'stock_market_pipeline' retrieved from /opt/airflow/dags/stock_pipeline_dag.py
[2026-03-09T20:10:08.205+0000] {logging_mixin.py:188} INFO - [2026-03-09T20:10:08.205+0000] {dag.py:3036} INFO - Sync 1 DAGs
[2026-03-09T20:10:08.252+0000] {processor.py:183} INFO - Processing /opt/airflow/dags/stock_pipeline_dag.py took 0.117 seconds
[2026-03-09T20:10:38.364+0000] {processor.py:161} INFO - Started process (PID=262) to work on /opt/airflow/dags/stock_pipeline_dag.py
[2026-03-09T20:10:38.365+0000] {processor.py:830} INFO - Processing file /opt/airflow/dags/stock_pipeline_dag.py for tasks to queue
[2026-03-09T20:10:38.366+0000] {logging_mixin.py:188} INFO - [2026-03-09T20:10:38.366+0000] {dagbag.py:538} INFO - Filling up the DagBag from /opt/airflow/dags/stock_pipeline_dag.py
[2026-03-09T20:10:38.392+0000] {processor.py:840} INFO - DAG(s) 'stock_market_pipeline' retrieved from /opt/airflow/dags/stock_pipeline_dag.py
[2026-03-09T20:10:38.430+0000] {logging_mixin.py:188} INFO - [2026-03-09T20:10:38.430+0000] {dag.py:3036} INFO - Sync 1 DAGs
[2026-03-09T20:10:38.486+0000] {processor.py:183} INFO - Processing /opt/airflow/dags/stock_pipeline_dag.py took 0.126 seconds
[2026-03-09T20:11:08.658+0000] {processor.py:161} INFO - Started process (PID=273) to work on /opt/airflow/dags/stock_pipeline_dag.py
[2026-03-09T20:11:08.660+0000] {processor.py:830} INFO - Processing file /opt/airflow/dags/stock_pipeline_dag.py for tasks to queue
[2026-03-09T20:11:08.661+0000] {logging_mixin.py:188} INFO - [2026-03-09T20:11:08.661+0000] {dagbag.py:538} INFO - Filling up the DagBag from /opt/airflow/dags/stock_pipeline_dag.py
[2026-03-09T20:11:08.690+0000] {processor.py:840} INFO - DAG(s) 'stock_market_pipeline' retrieved from /opt/airflow/dags/stock_pipeline_dag.py
[2026-03-09T20:11:08.725+0000] {logging_mixin.py:188} INFO - [2026-03-09T20:11:08.725+0000] {dag.py:3036} INFO - Sync 1 DAGs
[2026-03-09T20:11:08.767+0000] {processor.py:183} INFO - Processing /opt/airflow/dags/stock_pipeline_dag.py took 0.112 seconds
[2026-03-09T20:11:38.949+0000] {processor.py:161} INFO - Started process (PID=278) to work on /opt/airflow/dags/stock_pipeline_dag.py
[2026-03-09T20:11:38.951+0000] {processor.py:830} INFO - Processing file /opt/airflow/dags/stock_pipeline_dag.py for tasks to queue
[2026-03-09T20:11:38.952+0000] {logging_mixin.py:188} INFO - [2026-03-09T20:11:38.952+0000] {dagbag.py:538} INFO - Filling up the DagBag from /opt/airflow/dags/stock_pipeline_dag.py
[2026-03-09T20:11:38.972+0000] {processor.py:840} INFO - DAG(s) 'stock_market_pipeline' retrieved from /opt/airflow/dags/stock_pipeline_dag.py
[2026-03-09T20:11:39.008+0000] {logging_mixin.py:188} INFO - [2026-03-09T20:11:39.007+0000] {dag.py:3036} INFO - Sync 1 DAGs
[2026-03-09T20:11:39.054+0000] {processor.py:183} INFO - Processing /opt/airflow/dags/stock_pipeline_dag.py took 0.109 seconds
[2026-03-09T20:12:09.112+0000] {processor.py:161} INFO - Started process (PID=283) to work on /opt/airflow/dags/stock_pipeline_dag.py
[2026-03-09T20:12:09.113+0000] {processor.py:830} INFO - Processing file /opt/airflow/dags/stock_pipeline_dag.py for tasks to queue
[2026-03-09T20:12:09.115+0000] {logging_mixin.py:188} INFO - [2026-03-09T20:12:09.114+0000] {dagbag.py:538} INFO - Filling up the DagBag from /opt/airflow/dags/stock_pipeline_dag.py
[2026-03-09T20:12:09.148+0000] {processor.py:840} INFO - DAG(s) 'stock_market_pipeline' retrieved from /opt/airflow/dags/stock_pipeline_dag.py
[2026-03-09T20:12:09.191+0000] {logging_mixin.py:188} INFO - [2026-03-09T20:12:09.191+0000] {dag.py:3036} INFO - Sync 1 DAGs
[2026-03-09T20:12:09.252+0000] {processor.py:183} INFO - Processing /opt/airflow/dags/stock_pipeline_dag.py took 0.144 seconds
[2026-03-09T20:12:39.408+0000] {processor.py:161} INFO - Started process (PID=288) to work on /opt/airflow/dags/stock_pipeline_dag.py
[2026-03-09T20:12:39.410+0000] {processor.py:830} INFO - Processing file /opt/airflow/dags/stock_pipeline_dag.py for tasks to queue
[2026-03-09T20:12:39.412+0000] {logging_mixin.py:188} INFO - [2026-03-09T20:12:39.411+0000] {dagbag.py:538} INFO - Filling up the DagBag from /opt/airflow/dags/stock_pipeline_dag.py
[2026-03-09T20:12:39.458+0000] {processor.py:840} INFO - DAG(s) 'stock_market_pipeline' retrieved from /opt/airflow/dags/stock_pipeline_dag.py
[2026-03-09T20:12:39.529+0000] {logging_mixin.py:188} INFO - [2026-03-09T20:12:39.528+0000] {dag.py:3036} INFO - Sync 1 DAGs
[2026-03-09T20:12:39.611+0000] {processor.py:183} INFO - Processing /opt/airflow/dags/stock_pipeline_dag.py took 0.209 seconds
[2026-03-09T20:13:09.848+0000] {processor.py:161} INFO - Started process (PID=293) to work on /opt/airflow/dags/stock_pipeline_dag.py
[2026-03-09T20:13:09.850+0000] {processor.py:830} INFO - Processing file /opt/airflow/dags/stock_pipeline_dag.py for tasks to queue
[2026-03-09T20:13:09.851+0000] {logging_mixin.py:188} INFO - [2026-03-09T20:13:09.851+0000] {dagbag.py:538} INFO - Filling up the DagBag from /opt/airflow/dags/stock_pipeline_dag.py
[2026-03-09T20:13:09.895+0000] {processor.py:840} INFO - DAG(s) 'stock_market_pipeline' retrieved from /opt/airflow/dags/stock_pipeline_dag.py
[2026-03-09T20:13:09.936+0000] {logging_mixin.py:188} INFO - [2026-03-09T20:13:09.936+0000] {dag.py:3036} INFO - Sync 1 DAGs
[2026-03-09T20:13:09.991+0000] {processor.py:183} INFO - Processing /opt/airflow/dags/stock_pipeline_dag.py took 0.147 seconds
[2026-03-09T20:13:40.159+0000] {processor.py:161} INFO - Started process (PID=298) to work on /opt/airflow/dags/stock_pipeline_dag.py
[2026-03-09T20:13:40.160+0000] {processor.py:830} INFO - Processing file /opt/airflow/dags/stock_pipeline_dag.py for tasks to queue
[2026-03-09T20:13:40.161+0000] {logging_mixin.py:188} INFO - [2026-03-09T20:13:40.161+0000] {dagbag.py:538} INFO - Filling up the DagBag from /opt/airflow/dags/stock_pipeline_dag.py
[2026-03-09T20:13:40.191+0000] {processor.py:840} INFO - DAG(s) 'stock_market_pipeline' retrieved from /opt/airflow/dags/stock_pipeline_dag.py
[2026-03-09T20:13:40.232+0000] {logging_mixin.py:188} INFO - [2026-03-09T20:13:40.231+0000] {dag.py:3036} INFO - Sync 1 DAGs
[2026-03-09T20:13:40.278+0000] {processor.py:183} INFO - Processing /opt/airflow/dags/stock_pipeline_dag.py took 0.124 seconds
[2026-03-09T20:14:10.347+0000] {processor.py:161} INFO - Started process (PID=303) to work on /opt/airflow/dags/stock_pipeline_dag.py
[2026-03-09T20:14:10.348+0000] {processor.py:830} INFO - Processing file /opt/airflow/dags/stock_pipeline_dag.py for tasks to queue
[2026-03-09T20:14:10.349+0000] {logging_mixin.py:188} INFO - [2026-03-09T20:14:10.349+0000] {dagbag.py:538} INFO - Filling up the DagBag from /opt/airflow/dags/stock_pipeline_dag.py
[2026-03-09T20:14:10.386+0000] {processor.py:840} INFO - DAG(s) 'stock_market_pipeline' retrieved from /opt/airflow/dags/stock_pipeline_dag.py
[2026-03-09T20:14:10.424+0000] {logging_mixin.py:188} INFO - [2026-03-09T20:14:10.424+0000] {dag.py:3036} INFO - Sync 1 DAGs
[2026-03-09T20:14:10.469+0000] {processor.py:183} INFO - Processing /opt/airflow/dags/stock_pipeline_dag.py took 0.126 seconds
[2026-03-09T20:14:40.622+0000] {processor.py:161} INFO - Started process (PID=308) to work on /opt/airflow/dags/stock_pipeline_dag.py
[2026-03-09T20:14:40.624+0000] {processor.py:830} INFO - Processing file /opt/airflow/dags/stock_pipeline_dag.py for tasks to queue
[2026-03-09T20:14:40.625+0000] {logging_mixin.py:188} INFO - [2026-03-09T20:14:40.625+0000] {dagbag.py:538} INFO - Filling up the DagBag from /opt/airflow/dags/stock_pipeline_dag.py
[2026-03-09T20:14:40.652+0000] {processor.py:840} INFO - DAG(s) 'stock_market_pipeline' retrieved from /opt/airflow/dags/stock_pipeline_dag.py
[2026-03-09T20:14:40.690+0000] {logging_mixin.py:188} INFO - [2026-03-09T20:14:40.689+0000] {dag.py:3036} INFO - Sync 1 DAGs
[2026-03-09T20:14:40.736+0000] {processor.py:183} INFO - Processing /opt/airflow/dags/stock_pipeline_dag.py took 0.117 seconds
[2026-03-09T20:15:10.928+0000] {processor.py:161} INFO - Started process (PID=313) to work on /opt/airflow/dags/stock_pipeline_dag.py
[2026-03-09T20:15:10.929+0000] {processor.py:830} INFO - Processing file /opt/airflow/dags/stock_pipeline_dag.py for tasks to queue
[2026-03-09T20:15:10.930+0000] {logging_mixin.py:188} INFO - [2026-03-09T20:15:10.929+0000] {dagbag.py:538} INFO - Filling up the DagBag from /opt/airflow/dags/stock_pipeline_dag.py
[2026-03-09T20:15:10.953+0000] {processor.py:840} INFO - DAG(s) 'stock_market_pipeline' retrieved from /opt/airflow/dags/stock_pipeline_dag.py
[2026-03-09T20:15:10.993+0000] {logging_mixin.py:188} INFO - [2026-03-09T20:15:10.992+0000] {dag.py:3036} INFO - Sync 1 DAGs
[2026-03-09T20:15:11.041+0000] {processor.py:183} INFO - Processing /opt/airflow/dags/stock_pipeline_dag.py took 0.116 seconds
[2026-03-09T20:15:41.108+0000] {processor.py:161} INFO - Started process (PID=318) to work on /opt/airflow/dags/stock_pipeline_dag.py
[2026-03-09T20:15:41.109+0000] {processor.py:830} INFO - Processing file /opt/airflow/dags/stock_pipeline_dag.py for tasks to queue
[2026-03-09T20:15:41.110+0000] {logging_mixin.py:188} INFO - [2026-03-09T20:15:41.110+0000] {dagbag.py:538} INFO - Filling up the DagBag from /opt/airflow/dags/stock_pipeline_dag.py
[2026-03-09T20:15:41.132+0000] {processor.py:840} INFO - DAG(s) 'stock_market_pipeline' retrieved from /opt/airflow/dags/stock_pipeline_dag.py
[2026-03-09T20:15:41.171+0000] {logging_mixin.py:188} INFO - [2026-03-09T20:15:41.170+0000] {dag.py:3036} INFO - Sync 1 DAGs
[2026-03-09T20:15:41.223+0000] {processor.py:183} INFO - Processing /opt/airflow/dags/stock_pipeline_dag.py took 0.119 seconds
