[2026-03-11T15:19:25.714+0000] {taskinstance.py:1956} INFO - Dependencies all met for dep_context=non-requeueable deps ti=<TaskInstance: stock_market_pipeline.fetch_stock_data scheduled__2026-03-09T18:00:00+00:00 [queued]>
[2026-03-11T15:19:25.736+0000] {taskinstance.py:1956} INFO - Dependencies all met for dep_context=requeueable deps ti=<TaskInstance: stock_market_pipeline.fetch_stock_data scheduled__2026-03-09T18:00:00+00:00 [queued]>
[2026-03-11T15:19:25.738+0000] {taskinstance.py:2170} INFO - Starting attempt 1 of 2
[2026-03-11T15:19:25.757+0000] {taskinstance.py:2191} INFO - Executing <Task(PythonOperator): fetch_stock_data> on 2026-03-09 18:00:00+00:00
[2026-03-11T15:19:25.764+0000] {standard_task_runner.py:60} INFO - Started process 187 to run task
[2026-03-11T15:19:25.771+0000] {standard_task_runner.py:87} INFO - Running: ['***', 'tasks', 'run', 'stock_market_pipeline', 'fetch_stock_data', 'scheduled__2026-03-09T18:00:00+00:00', '--job-id', '37', '--raw', '--subdir', 'DAGS_FOLDER/stock_pipeline_dag.py', '--cfg-path', '/tmp/tmpyqm5nalg']
[2026-03-11T15:19:25.779+0000] {standard_task_runner.py:88} INFO - Job 37: Subtask fetch_stock_data
[2026-03-11T15:19:25.989+0000] {task_command.py:423} INFO - Running <TaskInstance: stock_market_pipeline.fetch_stock_data scheduled__2026-03-09T18:00:00+00:00 [running]> on host 0628f5048143
[2026-03-11T15:19:26.157+0000] {taskinstance.py:2480} INFO - Exporting env vars: AIRFLOW_CTX_DAG_OWNER='data-team' AIRFLOW_CTX_DAG_ID='stock_market_pipeline' AIRFLOW_CTX_TASK_ID='fetch_stock_data' AIRFLOW_CTX_EXECUTION_DATE='2026-03-09T18:00:00+00:00' AIRFLOW_CTX_TRY_NUMBER='1' AIRFLOW_CTX_DAG_RUN_ID='scheduled__2026-03-09T18:00:00+00:00'
[2026-03-11T15:19:29.327+0000] {fetch_stock_data.py:72} INFO - ✓ AAPL: 60 rows inserted
[2026-03-11T15:19:29.553+0000] {fetch_stock_data.py:72} INFO - ✓ MSFT: 60 rows inserted
[2026-03-11T15:19:29.724+0000] {fetch_stock_data.py:72} INFO - ✓ GOOGL: 60 rows inserted
[2026-03-11T15:19:29.881+0000] {fetch_stock_data.py:72} INFO - ✓ AMZN: 60 rows inserted
[2026-03-11T15:19:30.067+0000] {fetch_stock_data.py:72} INFO - ✓ NVDA: 60 rows inserted
[2026-03-11T15:19:30.289+0000] {fetch_stock_data.py:72} INFO - ✓ TSLA: 60 rows inserted
[2026-03-11T15:19:30.554+0000] {fetch_stock_data.py:72} INFO - ✓ META: 60 rows inserted
[2026-03-11T15:19:30.555+0000] {stock_pipeline_dag.py:31} INFO - Fetch result: {'rows_fetched': 420, 'tickers_ok': ['AAPL', 'MSFT', 'GOOGL', 'AMZN', 'NVDA', 'TSLA', 'META'], 'tickers_failed': []}
[2026-03-11T15:19:30.603+0000] {python.py:201} INFO - Done. Returned value was: None
[2026-03-11T15:19:30.625+0000] {taskinstance.py:1138} INFO - Marking task as SUCCESS. dag_id=stock_market_pipeline, task_id=fetch_stock_data, execution_date=20260309T180000, start_date=20260311T151925, end_date=20260311T151930
[2026-03-11T15:19:30.709+0000] {local_task_job_runner.py:234} INFO - Task exited with return code 0
[2026-03-11T15:19:30.781+0000] {taskinstance.py:3280} INFO - 1 downstream tasks scheduled from follow-on schedule check
