[2026-03-10T15:50:47.642+0000] {taskinstance.py:1956} INFO - Dependencies all met for dep_context=non-requeueable deps ti=<TaskInstance: stock_market_pipeline.fetch_stock_data manual__2026-03-10T15:50:45.802626+00:00 [queued]>
[2026-03-10T15:50:47.655+0000] {taskinstance.py:1956} INFO - Dependencies all met for dep_context=requeueable deps ti=<TaskInstance: stock_market_pipeline.fetch_stock_data manual__2026-03-10T15:50:45.802626+00:00 [queued]>
[2026-03-10T15:50:47.656+0000] {taskinstance.py:2170} INFO - Starting attempt 1 of 2
[2026-03-10T15:50:47.676+0000] {taskinstance.py:2191} INFO - Executing <Task(PythonOperator): fetch_stock_data> on 2026-03-10 15:50:45.802626+00:00
[2026-03-10T15:50:47.684+0000] {standard_task_runner.py:60} INFO - Started process 472 to run task
[2026-03-10T15:50:47.688+0000] {standard_task_runner.py:87} INFO - Running: ['***', 'tasks', 'run', 'stock_market_pipeline', 'fetch_stock_data', 'manual__2026-03-10T15:50:45.802626+00:00', '--job-id', '33', '--raw', '--subdir', 'DAGS_FOLDER/stock_pipeline_dag.py', '--cfg-path', '/tmp/tmpi2r5lfud']
[2026-03-10T15:50:47.691+0000] {standard_task_runner.py:88} INFO - Job 33: Subtask fetch_stock_data
[2026-03-10T15:50:47.765+0000] {task_command.py:423} INFO - Running <TaskInstance: stock_market_pipeline.fetch_stock_data manual__2026-03-10T15:50:45.802626+00:00 [running]> on host 0628f5048143
[2026-03-10T15:50:47.887+0000] {taskinstance.py:2480} INFO - Exporting env vars: AIRFLOW_CTX_DAG_OWNER='data-team' AIRFLOW_CTX_DAG_ID='stock_market_pipeline' AIRFLOW_CTX_TASK_ID='fetch_stock_data' AIRFLOW_CTX_EXECUTION_DATE='2026-03-10T15:50:45.802626+00:00' AIRFLOW_CTX_TRY_NUMBER='1' AIRFLOW_CTX_DAG_RUN_ID='manual__2026-03-10T15:50:45.802626+00:00'
[2026-03-10T15:50:49.459+0000] {fetch_stock_data.py:72} INFO - ✓ AAPL: 60 rows inserted
[2026-03-10T15:50:49.628+0000] {fetch_stock_data.py:72} INFO - ✓ MSFT: 60 rows inserted
[2026-03-10T15:50:49.753+0000] {fetch_stock_data.py:72} INFO - ✓ GOOGL: 60 rows inserted
[2026-03-10T15:50:49.903+0000] {fetch_stock_data.py:72} INFO - ✓ AMZN: 60 rows inserted
[2026-03-10T15:50:50.114+0000] {fetch_stock_data.py:72} INFO - ✓ NVDA: 60 rows inserted
[2026-03-10T15:50:50.290+0000] {fetch_stock_data.py:72} INFO - ✓ TSLA: 60 rows inserted
[2026-03-10T15:50:50.419+0000] {fetch_stock_data.py:72} INFO - ✓ META: 60 rows inserted
[2026-03-10T15:50:50.420+0000] {stock_pipeline_dag.py:31} INFO - Fetch result: {'rows_fetched': 420, 'tickers_ok': ['AAPL', 'MSFT', 'GOOGL', 'AMZN', 'NVDA', 'TSLA', 'META'], 'tickers_failed': []}
[2026-03-10T15:50:50.444+0000] {python.py:201} INFO - Done. Returned value was: None
[2026-03-10T15:50:50.459+0000] {taskinstance.py:1138} INFO - Marking task as SUCCESS. dag_id=stock_market_pipeline, task_id=fetch_stock_data, execution_date=20260310T155045, start_date=20260310T155047, end_date=20260310T155050
[2026-03-10T15:50:50.506+0000] {local_task_job_runner.py:234} INFO - Task exited with return code 0
[2026-03-10T15:50:50.533+0000] {taskinstance.py:3280} INFO - 1 downstream tasks scheduled from follow-on schedule check
