[2026-03-10T15:14:47.585+0000] {taskinstance.py:1956} INFO - Dependencies all met for dep_context=non-requeueable deps ti=<TaskInstance: stock_market_pipeline.fetch_stock_data manual__2026-03-10T15:06:14.745470+00:00 [queued]>
[2026-03-10T15:14:47.610+0000] {taskinstance.py:1956} INFO - Dependencies all met for dep_context=requeueable deps ti=<TaskInstance: stock_market_pipeline.fetch_stock_data manual__2026-03-10T15:06:14.745470+00:00 [queued]>
[2026-03-10T15:14:47.612+0000] {taskinstance.py:2170} INFO - Starting attempt 2 of 2
[2026-03-10T15:14:47.735+0000] {taskinstance.py:2191} INFO - Executing <Task(PythonOperator): fetch_stock_data> on 2026-03-10 15:06:14.745470+00:00
[2026-03-10T15:14:47.759+0000] {standard_task_runner.py:60} INFO - Started process 192 to run task
[2026-03-10T15:14:47.768+0000] {standard_task_runner.py:87} INFO - Running: ['***', 'tasks', 'run', 'stock_market_pipeline', 'fetch_stock_data', 'manual__2026-03-10T15:06:14.745470+00:00', '--job-id', '23', '--raw', '--subdir', 'DAGS_FOLDER/stock_pipeline_dag.py', '--cfg-path', '/tmp/tmp6w2vbitq']
[2026-03-10T15:14:47.774+0000] {standard_task_runner.py:88} INFO - Job 23: Subtask fetch_stock_data
[2026-03-10T15:14:47.873+0000] {task_command.py:423} INFO - Running <TaskInstance: stock_market_pipeline.fetch_stock_data manual__2026-03-10T15:06:14.745470+00:00 [running]> on host 889174c0d3f8
[2026-03-10T15:14:48.068+0000] {taskinstance.py:2480} INFO - Exporting env vars: AIRFLOW_CTX_DAG_OWNER='data-team' AIRFLOW_CTX_DAG_ID='stock_market_pipeline' AIRFLOW_CTX_TASK_ID='fetch_stock_data' AIRFLOW_CTX_EXECUTION_DATE='2026-03-10T15:06:14.745470+00:00' AIRFLOW_CTX_TRY_NUMBER='2' AIRFLOW_CTX_DAG_RUN_ID='manual__2026-03-10T15:06:14.745470+00:00'
[2026-03-10T15:14:53.733+0000] {fetch_stock_data.py:72} INFO - ✓ AAPL: 1 rows inserted
[2026-03-10T15:14:54.046+0000] {fetch_stock_data.py:72} INFO - ✓ MSFT: 1 rows inserted
[2026-03-10T15:14:54.244+0000] {fetch_stock_data.py:72} INFO - ✓ GOOGL: 1 rows inserted
[2026-03-10T15:14:54.470+0000] {fetch_stock_data.py:72} INFO - ✓ AMZN: 1 rows inserted
[2026-03-10T15:14:54.695+0000] {fetch_stock_data.py:72} INFO - ✓ NVDA: 1 rows inserted
[2026-03-10T15:14:54.887+0000] {fetch_stock_data.py:72} INFO - ✓ TSLA: 1 rows inserted
[2026-03-10T15:14:55.098+0000] {fetch_stock_data.py:72} INFO - ✓ META: 1 rows inserted
[2026-03-10T15:14:55.100+0000] {stock_pipeline_dag.py:31} INFO - Fetch result: {'rows_fetched': 7, 'tickers_ok': ['AAPL', 'MSFT', 'GOOGL', 'AMZN', 'NVDA', 'TSLA', 'META'], 'tickers_failed': []}
[2026-03-10T15:14:55.126+0000] {python.py:201} INFO - Done. Returned value was: None
[2026-03-10T15:14:55.141+0000] {taskinstance.py:1138} INFO - Marking task as SUCCESS. dag_id=stock_market_pipeline, task_id=fetch_stock_data, execution_date=20260310T150614, start_date=20260310T151447, end_date=20260310T151455
[2026-03-10T15:14:55.188+0000] {local_task_job_runner.py:234} INFO - Task exited with return code 0
[2026-03-10T15:14:55.269+0000] {taskinstance.py:3280} INFO - 1 downstream tasks scheduled from follow-on schedule check
