[2026-03-10T15:48:48.290+0000] {taskinstance.py:1956} INFO - Dependencies all met for dep_context=non-requeueable deps ti=<TaskInstance: stock_market_pipeline.fetch_stock_data manual__2026-03-10T15:48:44.692167+00:00 [queued]>
[2026-03-10T15:48:48.306+0000] {taskinstance.py:1956} INFO - Dependencies all met for dep_context=requeueable deps ti=<TaskInstance: stock_market_pipeline.fetch_stock_data manual__2026-03-10T15:48:44.692167+00:00 [queued]>
[2026-03-10T15:48:48.308+0000] {taskinstance.py:2170} INFO - Starting attempt 1 of 2
[2026-03-10T15:48:48.333+0000] {taskinstance.py:2191} INFO - Executing <Task(PythonOperator): fetch_stock_data> on 2026-03-10 15:48:44.692167+00:00
[2026-03-10T15:48:48.347+0000] {standard_task_runner.py:60} INFO - Started process 423 to run task
[2026-03-10T15:48:48.356+0000] {standard_task_runner.py:87} INFO - Running: ['***', 'tasks', 'run', 'stock_market_pipeline', 'fetch_stock_data', 'manual__2026-03-10T15:48:44.692167+00:00', '--job-id', '30', '--raw', '--subdir', 'DAGS_FOLDER/stock_pipeline_dag.py', '--cfg-path', '/tmp/tmp75471djr']
[2026-03-10T15:48:48.360+0000] {standard_task_runner.py:88} INFO - Job 30: Subtask fetch_stock_data
[2026-03-10T15:48:48.482+0000] {task_command.py:423} INFO - Running <TaskInstance: stock_market_pipeline.fetch_stock_data manual__2026-03-10T15:48:44.692167+00:00 [running]> on host 0628f5048143
[2026-03-10T15:48:48.842+0000] {taskinstance.py:2480} INFO - Exporting env vars: AIRFLOW_CTX_DAG_OWNER='data-team' AIRFLOW_CTX_DAG_ID='stock_market_pipeline' AIRFLOW_CTX_TASK_ID='fetch_stock_data' AIRFLOW_CTX_EXECUTION_DATE='2026-03-10T15:48:44.692167+00:00' AIRFLOW_CTX_TRY_NUMBER='1' AIRFLOW_CTX_DAG_RUN_ID='manual__2026-03-10T15:48:44.692167+00:00'
[2026-03-10T15:48:57.850+0000] {fetch_stock_data.py:72} INFO - ✓ AAPL: 1 rows inserted
[2026-03-10T15:48:58.156+0000] {fetch_stock_data.py:72} INFO - ✓ MSFT: 1 rows inserted
[2026-03-10T15:48:58.397+0000] {fetch_stock_data.py:72} INFO - ✓ GOOGL: 1 rows inserted
[2026-03-10T15:48:58.719+0000] {multi.py:176} ERROR - 
1 Failed download:
[2026-03-10T15:48:58.721+0000] {multi.py:189} ERROR - ['AMZN']: TypeError("'Response' object is not subscriptable")
[2026-03-10T15:48:58.736+0000] {fetch_stock_data.py:42} WARNING - No data for AMZN
[2026-03-10T15:48:59.038+0000] {fetch_stock_data.py:72} INFO - ✓ NVDA: 1 rows inserted
[2026-03-10T15:48:59.282+0000] {fetch_stock_data.py:72} INFO - ✓ TSLA: 1 rows inserted
[2026-03-10T15:48:59.530+0000] {fetch_stock_data.py:72} INFO - ✓ META: 1 rows inserted
[2026-03-10T15:48:59.532+0000] {stock_pipeline_dag.py:31} INFO - Fetch result: {'rows_fetched': 6, 'tickers_ok': ['AAPL', 'MSFT', 'GOOGL', 'NVDA', 'TSLA', 'META'], 'tickers_failed': ['AMZN']}
[2026-03-10T15:48:59.571+0000] {python.py:201} INFO - Done. Returned value was: None
[2026-03-10T15:48:59.600+0000] {taskinstance.py:1138} INFO - Marking task as SUCCESS. dag_id=stock_market_pipeline, task_id=fetch_stock_data, execution_date=20260310T154844, start_date=20260310T154848, end_date=20260310T154859
[2026-03-10T15:48:59.683+0000] {local_task_job_runner.py:234} INFO - Task exited with return code 0
[2026-03-10T15:48:59.760+0000] {taskinstance.py:3280} INFO - 1 downstream tasks scheduled from follow-on schedule check
